Using pre-set license
Built from '2021.3/staging' branch; Version is '2021.3.10f1 (1c7d0df0160b) revision 1867021'; Using compiler version '192829333'; Build Type 'Release'
OS: 'Windows 11  (10.0.22621) 64bit Professional' Language: 'en' Physical Memory: 32693 MB
BatchMode: 1, IsHumanControllingUs: 0, StartBugReporterOnCrash: 0, Is64bit: 1, IsPro: 1

COMMAND LINE ARGUMENTS:
C:\Program Files\Unity\Hub\Editor\2021.3.10f1\Editor\Unity.exe
-adb2
-batchMode
-noUpm
-name
AssetImportWorker2
-projectPath
C:/Users/aaron/Documents/GitHub/SCP-3008/SCP-3008
-logFile
Logs/AssetImportWorker2.log
-srvPort
59560
Successfully changed project path to: C:/Users/aaron/Documents/GitHub/SCP-3008/SCP-3008
C:/Users/aaron/Documents/GitHub/SCP-3008/SCP-3008
[UnityMemory] Configuration Parameters - Can be set up in boot.config
    "memorysetup-bucket-allocator-granularity=16"
    "memorysetup-bucket-allocator-bucket-count=8"
    "memorysetup-bucket-allocator-block-size=33554432"
    "memorysetup-bucket-allocator-block-count=8"
    "memorysetup-main-allocator-block-size=16777216"
    "memorysetup-thread-allocator-block-size=16777216"
    "memorysetup-gfx-main-allocator-block-size=16777216"
    "memorysetup-gfx-thread-allocator-block-size=16777216"
    "memorysetup-cache-allocator-block-size=4194304"
    "memorysetup-typetree-allocator-block-size=2097152"
    "memorysetup-profiler-bucket-allocator-granularity=16"
    "memorysetup-profiler-bucket-allocator-bucket-count=8"
    "memorysetup-profiler-bucket-allocator-block-size=33554432"
    "memorysetup-profiler-bucket-allocator-block-count=8"
    "memorysetup-profiler-allocator-block-size=16777216"
    "memorysetup-profiler-editor-allocator-block-size=1048576"
    "memorysetup-temp-allocator-size-main=16777216"
    "memorysetup-job-temp-allocator-block-size=2097152"
    "memorysetup-job-temp-allocator-block-size-background=1048576"
    "memorysetup-job-temp-allocator-reduction-small-platforms=262144"
    "memorysetup-temp-allocator-size-background-worker=32768"
    "memorysetup-temp-allocator-size-job-worker=262144"
    "memorysetup-temp-allocator-size-preload-manager=33554432"
    "memorysetup-temp-allocator-size-nav-mesh-worker=65536"
    "memorysetup-temp-allocator-size-audio-worker=65536"
    "memorysetup-temp-allocator-size-cloud-worker=32768"
    "memorysetup-temp-allocator-size-gi-baking-worker=262144"
    "memorysetup-temp-allocator-size-gfx=262144"
Refreshing native plugins compatible for Editor in 105.53 ms, found 3 plugins.
Preloading 0 native plugins for Editor in 0.00 ms.
Initialize engine version: 2021.3.10f1 (1c7d0df0160b)
[Subsystems] Discovering subsystems at path C:/Program Files/Unity/Hub/Editor/2021.3.10f1/Editor/Data/Resources/UnitySubsystems
[Subsystems] Discovering subsystems at path C:/Users/aaron/Documents/GitHub/SCP-3008/SCP-3008/Assets
GfxDevice: creating device client; threaded=0; jobified=0
Direct3D:
    Version:  Direct3D 11.0 [level 11.1]
    Renderer: Radeon RX 560 Series (ID=0x67ff)
    Vendor:   ATI
    VRAM:     4074 MB
    Driver:   31.0.14043.1000
Initialize mono
Mono path[0] = 'C:/Program Files/Unity/Hub/Editor/2021.3.10f1/Editor/Data/Managed'
Mono path[1] = 'C:/Program Files/Unity/Hub/Editor/2021.3.10f1/Editor/Data/MonoBleedingEdge/lib/mono/unityjit-win32'
Mono config path = 'C:/Program Files/Unity/Hub/Editor/2021.3.10f1/Editor/Data/MonoBleedingEdge/etc'
Using monoOptions --debugger-agent=transport=dt_socket,embedding=1,server=y,suspend=n,address=127.0.0.1:56664
Begin MonoManager ReloadAssembly
Registering precompiled unity dll's ...
Register platform support module: C:/Program Files/Unity/Hub/Editor/2021.3.10f1/Editor/Data/PlaybackEngines/WindowsStandaloneSupport/UnityEditor.WindowsStandalone.Extensions.dll
Registered in 0.003257 seconds.
Native extension for WindowsStandalone target not found
Refreshing native plugins compatible for Editor in 103.94 ms, found 3 plugins.
Preloading 0 native plugins for Editor in 0.00 ms.
Mono: successfully reloaded assembly
- Completed reload, in  0.483 seconds
Domain Reload Profiling:
	ReloadAssembly (483ms)
		BeginReloadAssembly (48ms)
			ExecutionOrderSort (0ms)
			DisableScriptedObjects (0ms)
			BackupInstance (0ms)
			ReleaseScriptingObjects (0ms)
			CreateAndSetChildDomain (1ms)
		EndReloadAssembly (362ms)
			LoadAssemblies (47ms)
			RebuildTransferFunctionScriptingTraits (0ms)
			SetupTypeCache (65ms)
			ReleaseScriptCaches (0ms)
			RebuildScriptCaches (19ms)
			SetupLoadedEditorAssemblies (241ms)
				LogAssemblyErrors (0ms)
				InitializePlatformSupportModulesInManaged (6ms)
				SetLoadedEditorAssemblies (0ms)
				RefreshPlugins (104ms)
				BeforeProcessingInitializeOnLoad (1ms)
				ProcessInitializeOnLoadAttributes (100ms)
				ProcessInitializeOnLoadMethodAttributes (30ms)
				AfterProcessingInitializeOnLoad (0ms)
				EditorAssembliesLoaded (0ms)
			ExecutionOrderSort2 (0ms)
			AwakeInstancesAfterBackupRestoration (0ms)
Platform modules already initialized, skipping
Registering precompiled user dll's ...
Registered in 0.007272 seconds.
Begin MonoManager ReloadAssembly
Symbol file LoadedFromMemory doesn't match image C:\Users\aaron\Documents\GitHub\SCP-3008\SCP-3008\Library\PackageCache\com.unity.visualscripting@1.7.8\Editor\VisualScripting.Core\Dependencies\YamlDotNet\Unity.VisualScripting.YamlDotNet.dll
Symbol file LoadedFromMemory doesn't match image C:\Users\aaron\Documents\GitHub\SCP-3008\SCP-3008\Library\PackageCache\com.unity.visualscripting@1.7.8\Editor\VisualScripting.Core\Dependencies\DotNetZip\Unity.VisualScripting.IonicZip.dll
Native extension for WindowsStandalone target not found
Refreshing native plugins compatible for Editor in 109.72 ms, found 3 plugins.
Preloading 0 native plugins for Editor in 0.00 ms.
Mono: successfully reloaded assembly
- Completed reload, in  1.193 seconds
Domain Reload Profiling:
	ReloadAssembly (1194ms)
		BeginReloadAssembly (78ms)
			ExecutionOrderSort (0ms)
			DisableScriptedObjects (4ms)
			BackupInstance (0ms)
			ReleaseScriptingObjects (0ms)
			CreateAndSetChildDomain (16ms)
		EndReloadAssembly (1039ms)
			LoadAssemblies (69ms)
			RebuildTransferFunctionScriptingTraits (0ms)
			SetupTypeCache (239ms)
			ReleaseScriptCaches (1ms)
			RebuildScriptCaches (68ms)
			SetupLoadedEditorAssemblies (631ms)
				LogAssemblyErrors (0ms)
				InitializePlatformSupportModulesInManaged (3ms)
				SetLoadedEditorAssemblies (0ms)
				RefreshPlugins (110ms)
				BeforeProcessingInitializeOnLoad (110ms)
				ProcessInitializeOnLoadAttributes (301ms)
				ProcessInitializeOnLoadMethodAttributes (102ms)
				AfterProcessingInitializeOnLoad (4ms)
				EditorAssembliesLoaded (0ms)
			ExecutionOrderSort2 (0ms)
			AwakeInstancesAfterBackupRestoration (4ms)
Platform modules already initialized, skipping
========================================================================
Worker process is ready to serve import requests
Launched and connected shader compiler UnityShaderCompiler.exe after 0.03 seconds
Refreshing native plugins compatible for Editor in 1.28 ms, found 3 plugins.
Preloading 0 native plugins for Editor in 0.00 ms.
Unloading 6917 Unused Serialized files (Serialized files now loaded: 0)
Unloading 71 unused Assets / (3.9 MB). Loaded Objects now: 7357.
Memory consumption went from 305.4 MB to 301.5 MB.
Total: 4.773500 ms (FindLiveObjects: 0.523700 ms CreateObjectMapping: 0.378900 ms MarkObjects: 3.056800 ms  DeleteObjects: 0.813100 ms)

AssetImportParameters requested are different than current active one (requested -> active):
  custom:video-decoder-ogg-theora: a1e56fd34408186e4bbccfd4996cb3dc -> 
  custom:container-muxer-webm: aa71ff27fc2769a1b78a27578f13a17b -> 
  custom:container-demuxer-webm: 4f35f7cbe854078d1ac9338744f61a02 -> 
  custom:video-encoder-webm-vp8: eb34c28f22e8b96e1ab97ce403110664 -> 
  custom:video-codec-MediaFoundation-h265: 746d11721c4dcdbdad8f713fa42b33f4 -> 
  custom:audio-encoder-webm-vorbis: bf7c407c2cedff20999df2af8eb42d56 -> 
  custom:framework-win-MediaFoundation: 216162199b28c13a410421893ffa2e32 -> 
  custom:container-demuxer-ogg: 62fdf1f143b41e24485cea50d1cbac27 -> 
  custom:video-decoder-webm-vp8: 9c59270c3fd7afecdb556c50c9e8de78 -> 
  custom:audio-decoder-ogg-vorbis: bf7c407c2cedff20999df2af8eb42d56 -> 
========================================================================
Received Import Request.
  Time since last request: 359660.010442 seconds.
  path: Assets/Prefabs/Plots/Room.prefab
  artifactKey: Guid(2724286bac2d3ea4f963c9a5e54e4e5d) Importer(815301076,1909f56bfc062723c751e8b465ee728b)
Start importing Assets/Prefabs/Plots/Room.prefab using Guid(2724286bac2d3ea4f963c9a5e54e4e5d) Importer(815301076,1909f56bfc062723c751e8b465ee728b)  -> (artifact id: '280b2366d92e2b7c0a434a11583c811b') in 0.704023 seconds 
========================================================================
Received Import Request.
  Time since last request: 107.706424 seconds.
  path: Assets/Prefabs/Tables/Office Set/4f1a2ab2aac9f17fd17badf9a2ce1c05.jpg
  artifactKey: Guid(010ba764fa196c644b52d01fc7b7805a) Importer(815301076,1909f56bfc062723c751e8b465ee728b)
Start importing Assets/Prefabs/Tables/Office Set/4f1a2ab2aac9f17fd17badf9a2ce1c05.jpg using Guid(010ba764fa196c644b52d01fc7b7805a) Importer(815301076,1909f56bfc062723c751e8b465ee728b)  -> (artifact id: '2a70b80b64f52d6ba4f16f1a4f906acf') in 0.060221 seconds 
========================================================================
Received Import Request.
  Time since last request: 0.000039 seconds.
  path: Assets/Prefabs/Tables/Office Set/arroway.de_concrete45_d100.png
  artifactKey: Guid(02c7c854689ce3c4594d086db0df6463) Importer(815301076,1909f56bfc062723c751e8b465ee728b)
Start importing Assets/Prefabs/Tables/Office Set/arroway.de_concrete45_d100.png using Guid(02c7c854689ce3c4594d086db0df6463) Importer(815301076,1909f56bfc062723c751e8b465ee728b)  -> (artifact id: 'c5e6c182c476faf118bbbf94fd6113a7') in 0.018372 seconds 
========================================================================
Received Import Request.
  Time since last request: 16.802859 seconds.
  path: Assets/Prefabs/Tiny Side Table.prefab
  artifactKey: Guid(e534252d0bf30d04289458f679b47e3c) Importer(815301076,1909f56bfc062723c751e8b465ee728b)
Start importing Assets/Prefabs/Tiny Side Table.prefab using Guid(e534252d0bf30d04289458f679b47e3c) Importer(815301076,1909f56bfc062723c751e8b465ee728b)  -> (artifact id: '1c0490938027d07897d0a442d12cb498') in 0.022068 seconds 
========================================================================
Received Prepare
Registering precompiled user dll's ...
Registered in 0.005757 seconds.
Begin MonoManager ReloadAssembly
Symbol file LoadedFromMemory doesn't match image C:\Users\aaron\Documents\GitHub\SCP-3008\SCP-3008\Library\PackageCache\com.unity.visualscripting@1.7.8\Editor\VisualScripting.Core\Dependencies\YamlDotNet\Unity.VisualScripting.YamlDotNet.dll
Symbol file LoadedFromMemory doesn't match image C:\Users\aaron\Documents\GitHub\SCP-3008\SCP-3008\Library\PackageCache\com.unity.visualscripting@1.7.8\Editor\VisualScripting.Core\Dependencies\DotNetZip\Unity.VisualScripting.IonicZip.dll
Native extension for WindowsStandalone target not found
Refreshing native plugins compatible for Editor in 1.71 ms, found 3 plugins.
Preloading 0 native plugins for Editor in 0.00 ms.
Mono: successfully reloaded assembly
- Completed reload, in  1.701 seconds
Domain Reload Profiling:
	ReloadAssembly (1701ms)
		BeginReloadAssembly (239ms)
			ExecutionOrderSort (0ms)
			DisableScriptedObjects (25ms)
			BackupInstance (0ms)
			ReleaseScriptingObjects (0ms)
			CreateAndSetChildDomain (59ms)
		EndReloadAssembly (1358ms)
			LoadAssemblies (147ms)
			RebuildTransferFunctionScriptingTraits (0ms)
			SetupTypeCache (587ms)
			ReleaseScriptCaches (3ms)
			RebuildScriptCaches (68ms)
			SetupLoadedEditorAssemblies (469ms)
				LogAssemblyErrors (0ms)
				InitializePlatformSupportModulesInManaged (10ms)
				SetLoadedEditorAssemblies (0ms)
				RefreshPlugins (2ms)
				BeforeProcessingInitializeOnLoad (100ms)
				ProcessInitializeOnLoadAttributes (325ms)
				ProcessInitializeOnLoadMethodAttributes (27ms)
				AfterProcessingInitializeOnLoad (5ms)
				EditorAssembliesLoaded (0ms)
			ExecutionOrderSort2 (0ms)
			AwakeInstancesAfterBackupRestoration (9ms)
Platform modules already initialized, skipping
Refreshing native plugins compatible for Editor in 3.12 ms, found 3 plugins.
Preloading 0 native plugins for Editor in 0.00 ms.
Unloading 6602 Unused Serialized files (Serialized files now loaded: 0)
Unloading 50 unused Assets / (3.8 MB). Loaded Objects now: 7491.
Memory consumption went from 294.8 MB to 291.0 MB.
Total: 5.884500 ms (FindLiveObjects: 0.518800 ms CreateObjectMapping: 0.642800 ms MarkObjects: 3.889000 ms  DeleteObjects: 0.833100 ms)

AssetImportParameters requested are different than current active one (requested -> active):
  custom:video-decoder-ogg-theora: a1e56fd34408186e4bbccfd4996cb3dc -> 
  custom:container-muxer-webm: aa71ff27fc2769a1b78a27578f13a17b -> 
  custom:container-demuxer-webm: 4f35f7cbe854078d1ac9338744f61a02 -> 
  custom:video-encoder-webm-vp8: eb34c28f22e8b96e1ab97ce403110664 -> 
  custom:video-codec-MediaFoundation-h265: 746d11721c4dcdbdad8f713fa42b33f4 -> 
  custom:audio-encoder-webm-vorbis: bf7c407c2cedff20999df2af8eb42d56 -> 
  custom:framework-win-MediaFoundation: 216162199b28c13a410421893ffa2e32 -> 
  custom:container-demuxer-ogg: 62fdf1f143b41e24485cea50d1cbac27 -> 
  custom:video-decoder-webm-vp8: 9c59270c3fd7afecdb556c50c9e8de78 -> 
  custom:audio-decoder-ogg-vorbis: bf7c407c2cedff20999df2af8eb42d56 -> 
========================================================================
Received Import Request.
  Time since last request: 577.982023 seconds.
  path: Assets/Moddels/bed_with_three_pillows.obj
  artifactKey: Guid(84ee72d1b12e1754cad0466fa196aea4) Importer(815301076,1909f56bfc062723c751e8b465ee728b)
Start importing Assets/Moddels/bed_with_three_pillows.obj using Guid(84ee72d1b12e1754cad0466fa196aea4) Importer(815301076,1909f56bfc062723c751e8b465ee728b)  -> (artifact id: 'e501555a262a71789ab44667975e3769') in 0.731284 seconds 
========================================================================
Received Import Request.
  Time since last request: 66.537849 seconds.
  path: Assets/Moddels/picnicTable.fbx
  artifactKey: Guid(22b1ff7e2bc2ad949a9ccd02446bf832) Importer(815301076,1909f56bfc062723c751e8b465ee728b)
Start importing Assets/Moddels/picnicTable.fbx using Guid(22b1ff7e2bc2ad949a9ccd02446bf832) Importer(815301076,1909f56bfc062723c751e8b465ee728b)  -> (artifact id: '55c29ad919874e9c7359b636e3247472') in 0.050029 seconds 
========================================================================
Received Prepare
Registering precompiled user dll's ...
Registered in 0.005928 seconds.
Begin MonoManager ReloadAssembly
Symbol file LoadedFromMemory doesn't match image C:\Users\aaron\Documents\GitHub\SCP-3008\SCP-3008\Library\PackageCache\com.unity.visualscripting@1.7.8\Editor\VisualScripting.Core\Dependencies\YamlDotNet\Unity.VisualScripting.YamlDotNet.dll
Symbol file LoadedFromMemory doesn't match image C:\Users\aaron\Documents\GitHub\SCP-3008\SCP-3008\Library\PackageCache\com.unity.visualscripting@1.7.8\Editor\VisualScripting.Core\Dependencies\DotNetZip\Unity.VisualScripting.IonicZip.dll
Native extension for WindowsStandalone target not found
Refreshing native plugins compatible for Editor in 1.51 ms, found 3 plugins.
Preloading 0 native plugins for Editor in 0.00 ms.
Mono: successfully reloaded assembly
- Completed reload, in  1.247 seconds
Domain Reload Profiling:
	ReloadAssembly (1247ms)
		BeginReloadAssembly (161ms)
			ExecutionOrderSort (0ms)
			DisableScriptedObjects (23ms)
			BackupInstance (0ms)
			ReleaseScriptingObjects (0ms)
			CreateAndSetChildDomain (58ms)
		EndReloadAssembly (1012ms)
			LoadAssemblies (78ms)
			RebuildTransferFunctionScriptingTraits (0ms)
			SetupTypeCache (249ms)
			ReleaseScriptCaches (2ms)
			RebuildScriptCaches (59ms)
			SetupLoadedEditorAssemblies (500ms)
				LogAssemblyErrors (0ms)
				InitializePlatformSupportModulesInManaged (12ms)
				SetLoadedEditorAssemblies (0ms)
				RefreshPlugins (2ms)
				BeforeProcessingInitializeOnLoad (113ms)
				ProcessInitializeOnLoadAttributes (339ms)
				ProcessInitializeOnLoadMethodAttributes (28ms)
				AfterProcessingInitializeOnLoad (5ms)
				EditorAssembliesLoaded (0ms)
			ExecutionOrderSort2 (0ms)
			AwakeInstancesAfterBackupRestoration (9ms)
Platform modules already initialized, skipping
Refreshing native plugins compatible for Editor in 3.40 ms, found 3 plugins.
Preloading 0 native plugins for Editor in 0.00 ms.
Unloading 6602 Unused Serialized files (Serialized files now loaded: 0)
Unloading 50 unused Assets / (3.8 MB). Loaded Objects now: 7647.
Memory consumption went from 295.2 MB to 291.4 MB.
Total: 5.499700 ms (FindLiveObjects: 0.494300 ms CreateObjectMapping: 0.417800 ms MarkObjects: 3.653000 ms  DeleteObjects: 0.933900 ms)

AssetImportParameters requested are different than current active one (requested -> active):
  custom:video-decoder-ogg-theora: a1e56fd34408186e4bbccfd4996cb3dc -> 
  custom:container-muxer-webm: aa71ff27fc2769a1b78a27578f13a17b -> 
  custom:container-demuxer-webm: 4f35f7cbe854078d1ac9338744f61a02 -> 
  custom:video-encoder-webm-vp8: eb34c28f22e8b96e1ab97ce403110664 -> 
  custom:video-codec-MediaFoundation-h265: 746d11721c4dcdbdad8f713fa42b33f4 -> 
  custom:audio-encoder-webm-vorbis: bf7c407c2cedff20999df2af8eb42d56 -> 
  custom:framework-win-MediaFoundation: 216162199b28c13a410421893ffa2e32 -> 
  custom:container-demuxer-ogg: 62fdf1f143b41e24485cea50d1cbac27 -> 
  custom:video-decoder-webm-vp8: 9c59270c3fd7afecdb556c50c9e8de78 -> 
  custom:audio-decoder-ogg-vorbis: bf7c407c2cedff20999df2af8eb42d56 -> 
========================================================================
Received Import Request.
  Time since last request: 97.556691 seconds.
  path: Assets/Prefabs/Plots/Room.prefab
  artifactKey: Guid(2724286bac2d3ea4f963c9a5e54e4e5d) Importer(815301076,1909f56bfc062723c751e8b465ee728b)
Start importing Assets/Prefabs/Plots/Room.prefab using Guid(2724286bac2d3ea4f963c9a5e54e4e5d) Importer(815301076,1909f56bfc062723c751e8b465ee728b)  -> (artifact id: 'a067eeafb6ff3adb8994f5b7809f955d') in 0.668004 seconds 
========================================================================
Received Import Request.
  Time since last request: 109.638259 seconds.
  path: Assets/Art/Lights
  artifactKey: Guid(3fea2d8b20a60a344b1303f414cf6f2c) Importer(815301076,1909f56bfc062723c751e8b465ee728b)
Start importing Assets/Art/Lights using Guid(3fea2d8b20a60a344b1303f414cf6f2c) Importer(815301076,1909f56bfc062723c751e8b465ee728b)  -> (artifact id: '613d78994ed5466ade54f1ab4ae4ae85') in 0.006300 seconds 
========================================================================
Received Import Request.
  Time since last request: 7.626925 seconds.
  path: Assets/Art/Axe/New Material 3.mat
  artifactKey: Guid(99a1baf397c1a1346bffb3c0392d88b2) Importer(815301076,1909f56bfc062723c751e8b465ee728b)
Start importing Assets/Art/Axe/New Material 3.mat using Guid(99a1baf397c1a1346bffb3c0392d88b2) Importer(815301076,1909f56bfc062723c751e8b465ee728b)  -> (artifact id: '5fcabc5f08d3a1e1a0f7e06bdb431632') in 0.029842 seconds 
========================================================================
Received Import Request.
  Time since last request: 23.097705 seconds.
  path: Assets/Art/Materials
  artifactKey: Guid(311051fe6bbe3dd478ec10ea9e270913) Importer(815301076,1909f56bfc062723c751e8b465ee728b)
Start importing Assets/Art/Materials using Guid(311051fe6bbe3dd478ec10ea9e270913) Importer(815301076,1909f56bfc062723c751e8b465ee728b)  -> (artifact id: '3695942486423ea685001ae059077ddf') in 0.006685 seconds 
========================================================================
Received Import Request.
  Time since last request: 43.055284 seconds.
  path: Assets/Art/Chair/New Material 3.mat
  artifactKey: Guid(53689658c2ea3424d8b3d4a5cc21c104) Importer(815301076,1909f56bfc062723c751e8b465ee728b)
Start importing Assets/Art/Chair/New Material 3.mat using Guid(53689658c2ea3424d8b3d4a5cc21c104) Importer(815301076,1909f56bfc062723c751e8b465ee728b)  -> (artifact id: 'f1a5104b6cb193631bdb54bf09578055') in 0.016591 seconds 
========================================================================
Received Import Request.
  Time since last request: 22.971458 seconds.
  path: Packages/com.unity.inputsystem/InputSystem/Editor/AssetEditor/Resources/pro/actionTreeBackgroundWithoutBorder.png
  artifactKey: Guid(943deaaee9c9347e0a455aa208526c42) Importer(815301076,1909f56bfc062723c751e8b465ee728b)
Start importing Packages/com.unity.inputsystem/InputSystem/Editor/AssetEditor/Resources/pro/actionTreeBackgroundWithoutBorder.png using Guid(943deaaee9c9347e0a455aa208526c42) Importer(815301076,1909f56bfc062723c751e8b465ee728b)  -> (artifact id: '04050f10fff063fef52e5896490881b0') in 0.020994 seconds 
========================================================================
Received Import Request.
  Time since last request: 409.847517 seconds.
  path: Assets/Prefabs/OutdoorBench.prefab
  artifactKey: Guid(3af111da4f4317846ac40ee86a2e3c85) Importer(815301076,1909f56bfc062723c751e8b465ee728b)
Start importing Assets/Prefabs/OutdoorBench.prefab using Guid(3af111da4f4317846ac40ee86a2e3c85) Importer(815301076,1909f56bfc062723c751e8b465ee728b)  -> (artifact id: '414329f956f2f8231858a1d1fbf34b0a') in 0.026329 seconds 
========================================================================
Received Import Request.
  Time since last request: 18.662298 seconds.
  path: Assets/Prefabs/Lights/Light.prefab
  artifactKey: Guid(349c6cbdb8bfd514d8de154e6fe98ead) Importer(815301076,1909f56bfc062723c751e8b465ee728b)
Start importing Assets/Prefabs/Lights/Light.prefab using Guid(349c6cbdb8bfd514d8de154e6fe98ead) Importer(815301076,1909f56bfc062723c751e8b465ee728b)  -> (artifact id: '5bf54818c054bac587c3f851740dcd6c') in 0.016972 seconds 
========================================================================
Received Import Request.
  Time since last request: 11.559279 seconds.
  path: Assets/Prefabs/OutdoorBench.prefab
  artifactKey: Guid(3af111da4f4317846ac40ee86a2e3c85) Importer(815301076,1909f56bfc062723c751e8b465ee728b)
Start importing Assets/Prefabs/OutdoorBench.prefab using Guid(3af111da4f4317846ac40ee86a2e3c85) Importer(815301076,1909f56bfc062723c751e8b465ee728b)  -> (artifact id: 'dd1519a1ee96812fb21c637ce3f86e73') in 0.025483 seconds 
========================================================================
Received Import Request.
  Time since last request: 1.911348 seconds.
  path: Assets/Prefabs/OutdoorBench.prefab
  artifactKey: Guid(3af111da4f4317846ac40ee86a2e3c85) Importer(815301076,1909f56bfc062723c751e8b465ee728b)
Start importing Assets/Prefabs/OutdoorBench.prefab using Guid(3af111da4f4317846ac40ee86a2e3c85) Importer(815301076,1909f56bfc062723c751e8b465ee728b)  -> (artifact id: '33709bf4333f5f13783eadb8a59d250c') in 0.017618 seconds 
========================================================================
Received Import Request.
  Time since last request: 1.524055 seconds.
  path: Assets/Prefabs/OutdoorBench.prefab
  artifactKey: Guid(3af111da4f4317846ac40ee86a2e3c85) Importer(815301076,1909f56bfc062723c751e8b465ee728b)
Start importing Assets/Prefabs/OutdoorBench.prefab using Guid(3af111da4f4317846ac40ee86a2e3c85) Importer(815301076,1909f56bfc062723c751e8b465ee728b)  -> (artifact id: '2caf75f9fa2ec8d93ac40f0c2d088919') in 0.019802 seconds 
========================================================================
Received Import Request.
  Time since last request: 2.592047 seconds.
  path: Assets/Prefabs/OutdoorBench.prefab
  artifactKey: Guid(3af111da4f4317846ac40ee86a2e3c85) Importer(815301076,1909f56bfc062723c751e8b465ee728b)
Start importing Assets/Prefabs/OutdoorBench.prefab using Guid(3af111da4f4317846ac40ee86a2e3c85) Importer(815301076,1909f56bfc062723c751e8b465ee728b)  -> (artifact id: 'ac729a79d1fb831ddeda9912402cf3e8') in 0.018083 seconds 
========================================================================
Received Import Request.
  Time since last request: 1.194025 seconds.
  path: Assets/Prefabs/OutdoorBench.prefab
  artifactKey: Guid(3af111da4f4317846ac40ee86a2e3c85) Importer(815301076,1909f56bfc062723c751e8b465ee728b)
Start importing Assets/Prefabs/OutdoorBench.prefab using Guid(3af111da4f4317846ac40ee86a2e3c85) Importer(815301076,1909f56bfc062723c751e8b465ee728b)  -> (artifact id: 'ed12f62da68656afc5ba320540b7dde0') in 0.021050 seconds 
========================================================================
Received Import Request.
  Time since last request: 7.079751 seconds.
  path: Assets/Prefabs/OutdoorBench.prefab
  artifactKey: Guid(3af111da4f4317846ac40ee86a2e3c85) Importer(815301076,1909f56bfc062723c751e8b465ee728b)
Start importing Assets/Prefabs/OutdoorBench.prefab using Guid(3af111da4f4317846ac40ee86a2e3c85) Importer(815301076,1909f56bfc062723c751e8b465ee728b)  -> (artifact id: 'ddbb2de0acec4812f1c236965b333fd4') in 0.021207 seconds 
========================================================================
Received Import Request.
  Time since last request: 4.481972 seconds.
  path: Assets/Prefabs/Picnic Table.prefab
  artifactKey: Guid(e439b2c5ba6cceb4e9ca5d01a9c77b2e) Importer(815301076,1909f56bfc062723c751e8b465ee728b)
Start importing Assets/Prefabs/Picnic Table.prefab using Guid(e439b2c5ba6cceb4e9ca5d01a9c77b2e) Importer(815301076,1909f56bfc062723c751e8b465ee728b)  -> (artifact id: '7f8c9900432e58a51ea97d0256641ff2') in 0.016886 seconds 
========================================================================
Received Import Request.
  Time since last request: 1.513901 seconds.
  path: Assets/Prefabs/Picnic Table.prefab
  artifactKey: Guid(e439b2c5ba6cceb4e9ca5d01a9c77b2e) Importer(815301076,1909f56bfc062723c751e8b465ee728b)
Start importing Assets/Prefabs/Picnic Table.prefab using Guid(e439b2c5ba6cceb4e9ca5d01a9c77b2e) Importer(815301076,1909f56bfc062723c751e8b465ee728b)  -> (artifact id: '5be551a0fa645375d32ac44e8b8b2c97') in 0.018479 seconds 
========================================================================
Received Import Request.
  Time since last request: 1.520625 seconds.
  path: Assets/Prefabs/Picnic Table.prefab
  artifactKey: Guid(e439b2c5ba6cceb4e9ca5d01a9c77b2e) Importer(815301076,1909f56bfc062723c751e8b465ee728b)
Start importing Assets/Prefabs/Picnic Table.prefab using Guid(e439b2c5ba6cceb4e9ca5d01a9c77b2e) Importer(815301076,1909f56bfc062723c751e8b465ee728b)  -> (artifact id: 'a6b11547ad005e8489b569029be44b45') in 0.017289 seconds 
========================================================================
Received Import Request.
  Time since last request: 3.236248 seconds.
  path: Assets/Prefabs/Picnic Table.prefab
  artifactKey: Guid(e439b2c5ba6cceb4e9ca5d01a9c77b2e) Importer(815301076,1909f56bfc062723c751e8b465ee728b)
Start importing Assets/Prefabs/Picnic Table.prefab using Guid(e439b2c5ba6cceb4e9ca5d01a9c77b2e) Importer(815301076,1909f56bfc062723c751e8b465ee728b)  -> (artifact id: 'a1239a920f67669e1c10f4965c3dc7dc') in 0.016603 seconds 
========================================================================
Received Import Request.
  Time since last request: 15.969211 seconds.
  path: Assets/Prefabs/Picnic Table.prefab
  artifactKey: Guid(e439b2c5ba6cceb4e9ca5d01a9c77b2e) Importer(815301076,1909f56bfc062723c751e8b465ee728b)
Start importing Assets/Prefabs/Picnic Table.prefab using Guid(e439b2c5ba6cceb4e9ca5d01a9c77b2e) Importer(815301076,1909f56bfc062723c751e8b465ee728b)  -> (artifact id: '86c23202b95cf9cd263f46410452c4ba') in 0.017224 seconds 
========================================================================
Received Import Request.
  Time since last request: 30.104015 seconds.
  path: Assets/Prefabs/Table/Table Set.prefab
  artifactKey: Guid(4fb7cd7e2e17ed64b9416edd0581ac7d) Importer(815301076,1909f56bfc062723c751e8b465ee728b)
Start importing Assets/Prefabs/Table/Table Set.prefab using Guid(4fb7cd7e2e17ed64b9416edd0581ac7d) Importer(815301076,1909f56bfc062723c751e8b465ee728b)  -> (artifact id: '395aec7ffdd0d898b9cdd268145521b8') in 0.027283 seconds 
========================================================================
Received Import Request.
  Time since last request: 6.623511 seconds.
  path: Assets/Prefabs/Table/Tiny Side Table.prefab
  artifactKey: Guid(e534252d0bf30d04289458f679b47e3c) Importer(815301076,1909f56bfc062723c751e8b465ee728b)
Start importing Assets/Prefabs/Table/Tiny Side Table.prefab using Guid(e534252d0bf30d04289458f679b47e3c) Importer(815301076,1909f56bfc062723c751e8b465ee728b)  -> (artifact id: '5d30e7bc92a92cb51c2f7ac4e61ec06c') in 0.017186 seconds 
========================================================================
Received Import Request.
  Time since last request: 4.385091 seconds.
  path: Assets/Prefabs/Table/Tiny Side Table.prefab
  artifactKey: Guid(e534252d0bf30d04289458f679b47e3c) Importer(815301076,1909f56bfc062723c751e8b465ee728b)
Start importing Assets/Prefabs/Table/Tiny Side Table.prefab using Guid(e534252d0bf30d04289458f679b47e3c) Importer(815301076,1909f56bfc062723c751e8b465ee728b)  -> (artifact id: 'a1d72bd545d78ec956602313237a48a5') in 0.016558 seconds 
========================================================================
Received Import Request.
  Time since last request: 1.594121 seconds.
  path: Assets/Prefabs/Table/Tiny Side Table.prefab
  artifactKey: Guid(e534252d0bf30d04289458f679b47e3c) Importer(815301076,1909f56bfc062723c751e8b465ee728b)
Start importing Assets/Prefabs/Table/Tiny Side Table.prefab using Guid(e534252d0bf30d04289458f679b47e3c) Importer(815301076,1909f56bfc062723c751e8b465ee728b)  -> (artifact id: '35738bcc23fb56a9373d2d1817bda1ea') in 0.017280 seconds 
========================================================================
Received Import Request.
  Time since last request: 1.147636 seconds.
  path: Assets/Prefabs/Table/Tiny Side Table.prefab
  artifactKey: Guid(e534252d0bf30d04289458f679b47e3c) Importer(815301076,1909f56bfc062723c751e8b465ee728b)
Start importing Assets/Prefabs/Table/Tiny Side Table.prefab using Guid(e534252d0bf30d04289458f679b47e3c) Importer(815301076,1909f56bfc062723c751e8b465ee728b)  -> (artifact id: '6808030a026cbe484ffcf0671f6eec02') in 0.018993 seconds 
========================================================================
Received Import Request.
  Time since last request: 1.070094 seconds.
  path: Assets/Prefabs/Table/Tiny Side Table.prefab
  artifactKey: Guid(e534252d0bf30d04289458f679b47e3c) Importer(815301076,1909f56bfc062723c751e8b465ee728b)
Start importing Assets/Prefabs/Table/Tiny Side Table.prefab using Guid(e534252d0bf30d04289458f679b47e3c) Importer(815301076,1909f56bfc062723c751e8b465ee728b)  -> (artifact id: '53f04021d5e2a1f54550f37f6b3280f4') in 0.017131 seconds 
========================================================================
Received Import Request.
  Time since last request: 1.183654 seconds.
  path: Assets/Prefabs/Table/Tiny Side Table.prefab
  artifactKey: Guid(e534252d0bf30d04289458f679b47e3c) Importer(815301076,1909f56bfc062723c751e8b465ee728b)
Start importing Assets/Prefabs/Table/Tiny Side Table.prefab using Guid(e534252d0bf30d04289458f679b47e3c) Importer(815301076,1909f56bfc062723c751e8b465ee728b)  -> (artifact id: 'd057f46c251c939a171568347b1333e9') in 0.016682 seconds 
========================================================================
Received Import Request.
  Time since last request: 4.266768 seconds.
  path: Assets/Prefabs/Table/Tiny Side Table.prefab
  artifactKey: Guid(e534252d0bf30d04289458f679b47e3c) Importer(815301076,1909f56bfc062723c751e8b465ee728b)
Start importing Assets/Prefabs/Table/Tiny Side Table.prefab using Guid(e534252d0bf30d04289458f679b47e3c) Importer(815301076,1909f56bfc062723c751e8b465ee728b)  -> (artifact id: '229fba62c74cf5110a4bbf84c73f082e') in 0.017878 seconds 
========================================================================
Received Import Request.
  Time since last request: 7.841588 seconds.
  path: Assets/Prefabs/Trash/Trash 1.prefab
  artifactKey: Guid(a4e17e7b6be9a9343bfd273dd8d54127) Importer(815301076,1909f56bfc062723c751e8b465ee728b)
Start importing Assets/Prefabs/Trash/Trash 1.prefab using Guid(a4e17e7b6be9a9343bfd273dd8d54127) Importer(815301076,1909f56bfc062723c751e8b465ee728b)  -> (artifact id: 'e0ae028f8828a6d7a16be5f58fea7e82') in 0.024036 seconds 
========================================================================
Received Import Request.
  Time since last request: 1.408772 seconds.
  path: Assets/Prefabs/Sofas/Sofa Set.prefab
  artifactKey: Guid(0b6319c5dd8134b418be4c61badc1a09) Importer(815301076,1909f56bfc062723c751e8b465ee728b)
Start importing Assets/Prefabs/Sofas/Sofa Set.prefab using Guid(0b6319c5dd8134b418be4c61badc1a09) Importer(815301076,1909f56bfc062723c751e8b465ee728b)  -> (artifact id: '47705131a5db768ef8a29c6796c1c7b6') in 0.039479 seconds 
========================================================================
Received Import Request.
  Time since last request: 83.675722 seconds.
  path: Assets/Prefabs/Displays/Display.prefab
  artifactKey: Guid(586aff796c4f79a4ca2b61715cb2c0b2) Importer(815301076,1909f56bfc062723c751e8b465ee728b)
Start importing Assets/Prefabs/Displays/Display.prefab using Guid(586aff796c4f79a4ca2b61715cb2c0b2) Importer(815301076,1909f56bfc062723c751e8b465ee728b)  -> (artifact id: '4329942f24cb3a7a414845e75c12c19b') in 0.029154 seconds 
========================================================================
Received Import Request.
  Time since last request: 2.431736 seconds.
  path: Assets/Prefabs/Displays/Display 3.prefab
  artifactKey: Guid(9ffa8cc753e115f46937c279f506ecec) Importer(815301076,1909f56bfc062723c751e8b465ee728b)
Start importing Assets/Prefabs/Displays/Display 3.prefab using Guid(9ffa8cc753e115f46937c279f506ecec) Importer(815301076,1909f56bfc062723c751e8b465ee728b)  -> (artifact id: '64c5e674307ee2459209a51616f3ef6a') in 0.035403 seconds 
========================================================================
Received Import Request.
  Time since last request: 0.208747 seconds.
  path: Assets/Prefabs/Displays/Display.prefab
  artifactKey: Guid(586aff796c4f79a4ca2b61715cb2c0b2) Importer(815301076,1909f56bfc062723c751e8b465ee728b)
Start importing Assets/Prefabs/Displays/Display.prefab using Guid(586aff796c4f79a4ca2b61715cb2c0b2) Importer(815301076,1909f56bfc062723c751e8b465ee728b)  -> (artifact id: '242326e1738c2903fe197857a980e87a') in 0.040160 seconds 
========================================================================
Received Import Request.
  Time since last request: 1.834888 seconds.
  path: Assets/Prefabs/Displays/Display.prefab
  artifactKey: Guid(586aff796c4f79a4ca2b61715cb2c0b2) Importer(815301076,1909f56bfc062723c751e8b465ee728b)
Start importing Assets/Prefabs/Displays/Display.prefab using Guid(586aff796c4f79a4ca2b61715cb2c0b2) Importer(815301076,1909f56bfc062723c751e8b465ee728b)  -> (artifact id: '1478e3df6895c6328d337b89a585a912') in 0.025306 seconds 
========================================================================
Received Import Request.
  Time since last request: 3.817413 seconds.
  path: Assets/Prefabs/Displays/Display.prefab
  artifactKey: Guid(586aff796c4f79a4ca2b61715cb2c0b2) Importer(815301076,1909f56bfc062723c751e8b465ee728b)
Start importing Assets/Prefabs/Displays/Display.prefab using Guid(586aff796c4f79a4ca2b61715cb2c0b2) Importer(815301076,1909f56bfc062723c751e8b465ee728b)  -> (artifact id: '5325517011572649475bdb1451a43615') in 0.026582 seconds 
========================================================================
Received Import Request.
  Time since last request: 28.533812 seconds.
  path: Assets/Prefabs/Sofas/Sofa Set/Chair Sofa (Sofa Set) .prefab
  artifactKey: Guid(f2443dc70eaf357498b64a4afb21827a) Importer(815301076,1909f56bfc062723c751e8b465ee728b)
Start importing Assets/Prefabs/Sofas/Sofa Set/Chair Sofa (Sofa Set) .prefab using Guid(f2443dc70eaf357498b64a4afb21827a) Importer(815301076,1909f56bfc062723c751e8b465ee728b)  -> (artifact id: 'c6fe26409f0443717f5a145849ff4d5b') in 0.031629 seconds 
========================================================================
Received Import Request.
  Time since last request: 0.000044 seconds.
  path: Assets/Prefabs/Sofas/Sofa Set/End Sofa (Sofa Set).prefab
  artifactKey: Guid(dd78bf643dcab8c408734088e15bbc45) Importer(815301076,1909f56bfc062723c751e8b465ee728b)
Start importing Assets/Prefabs/Sofas/Sofa Set/End Sofa (Sofa Set).prefab using Guid(dd78bf643dcab8c408734088e15bbc45) Importer(815301076,1909f56bfc062723c751e8b465ee728b)  -> (artifact id: '313b037bfbeea695bb35ed00bb16b403') in 0.030511 seconds 
========================================================================
Received Import Request.
  Time since last request: 0.000033 seconds.
  path: Assets/Prefabs/Sofas/Sofa Set/Island Sofa (Sofa Set).prefab
  artifactKey: Guid(f51df007f7796f140a009669a39049b8) Importer(815301076,1909f56bfc062723c751e8b465ee728b)
Start importing Assets/Prefabs/Sofas/Sofa Set/Island Sofa (Sofa Set).prefab using Guid(f51df007f7796f140a009669a39049b8) Importer(815301076,1909f56bfc062723c751e8b465ee728b)  -> (artifact id: 'bfe1d16f7a90635e69c7e128b7184c71') in 0.029114 seconds 
========================================================================
Received Import Request.
  Time since last request: 69.665832 seconds.
  path: Assets/Prefabs/Displays/Display.prefab
  artifactKey: Guid(586aff796c4f79a4ca2b61715cb2c0b2) Importer(815301076,1909f56bfc062723c751e8b465ee728b)
Start importing Assets/Prefabs/Displays/Display.prefab using Guid(586aff796c4f79a4ca2b61715cb2c0b2) Importer(815301076,1909f56bfc062723c751e8b465ee728b)  -> (artifact id: '413df0a28ea9afac9db0749693376a85') in 0.030163 seconds 
========================================================================
Received Import Request.
  Time since last request: 2.422750 seconds.
  path: Assets/Prefabs/Displays/Display 4.prefab
  artifactKey: Guid(3c13a7c10530ebf4aa51a5ffcc843ee3) Importer(815301076,1909f56bfc062723c751e8b465ee728b)
Start importing Assets/Prefabs/Displays/Display 4.prefab using Guid(3c13a7c10530ebf4aa51a5ffcc843ee3) Importer(815301076,1909f56bfc062723c751e8b465ee728b)  -> (artifact id: 'e7747736df68532d04028aeda8498f82') in 0.039711 seconds 
========================================================================
Received Import Request.
  Time since last request: 0.174045 seconds.
  path: Assets/Prefabs/Displays/Display.prefab
  artifactKey: Guid(586aff796c4f79a4ca2b61715cb2c0b2) Importer(815301076,1909f56bfc062723c751e8b465ee728b)
Start importing Assets/Prefabs/Displays/Display.prefab using Guid(586aff796c4f79a4ca2b61715cb2c0b2) Importer(815301076,1909f56bfc062723c751e8b465ee728b)  -> (artifact id: '3042c22fb228a99914ada871879089fe') in 0.047162 seconds 
========================================================================
Received Import Request.
  Time since last request: 12.660324 seconds.
  path: Assets/Prefabs/Displays/Display.prefab
  artifactKey: Guid(586aff796c4f79a4ca2b61715cb2c0b2) Importer(815301076,1909f56bfc062723c751e8b465ee728b)
Start importing Assets/Prefabs/Displays/Display.prefab using Guid(586aff796c4f79a4ca2b61715cb2c0b2) Importer(815301076,1909f56bfc062723c751e8b465ee728b)  -> (artifact id: '32e5aa19039377888084c26c8e439cfb') in 0.047740 seconds 
========================================================================
Received Import Request.
  Time since last request: 0.563048 seconds.
  path: Assets/Prefabs/Displays/Display.prefab
  artifactKey: Guid(586aff796c4f79a4ca2b61715cb2c0b2) Importer(815301076,1909f56bfc062723c751e8b465ee728b)
Start importing Assets/Prefabs/Displays/Display.prefab using Guid(586aff796c4f79a4ca2b61715cb2c0b2) Importer(815301076,1909f56bfc062723c751e8b465ee728b)  -> (artifact id: 'b509f24920a1d46b73b831b54ff67293') in 0.045594 seconds 
========================================================================
Received Import Request.
  Time since last request: 2.704370 seconds.
  path: Assets/Prefabs/Displays/Display.prefab
  artifactKey: Guid(586aff796c4f79a4ca2b61715cb2c0b2) Importer(815301076,1909f56bfc062723c751e8b465ee728b)
Start importing Assets/Prefabs/Displays/Display.prefab using Guid(586aff796c4f79a4ca2b61715cb2c0b2) Importer(815301076,1909f56bfc062723c751e8b465ee728b)  -> (artifact id: 'd600dba4ab1acea45454d1e73d6f2012') in 0.042203 seconds 
========================================================================
Received Import Request.
  Time since last request: 2.474166 seconds.
  path: Assets/Prefabs/Displays/Display.prefab
  artifactKey: Guid(586aff796c4f79a4ca2b61715cb2c0b2) Importer(815301076,1909f56bfc062723c751e8b465ee728b)
Start importing Assets/Prefabs/Displays/Display.prefab using Guid(586aff796c4f79a4ca2b61715cb2c0b2) Importer(815301076,1909f56bfc062723c751e8b465ee728b)  -> (artifact id: '228c00172ee64a1cc18685a16c978384') in 0.033111 seconds 
========================================================================
Received Import Request.
  Time since last request: 128.137801 seconds.
  path: Assets/Prefabs/OutdoorBench.prefab
  artifactKey: Guid(3af111da4f4317846ac40ee86a2e3c85) Importer(815301076,1909f56bfc062723c751e8b465ee728b)
Start importing Assets/Prefabs/OutdoorBench.prefab using Guid(3af111da4f4317846ac40ee86a2e3c85) Importer(815301076,1909f56bfc062723c751e8b465ee728b)  -> (artifact id: '829b98ae7e1f2bcfdcd5a0515e9e1245') in 0.022742 seconds 
========================================================================
Received Import Request.
  Time since last request: 0.088500 seconds.
  path: Assets/Prefabs/OutdoorBench.prefab
  artifactKey: Guid(3af111da4f4317846ac40ee86a2e3c85) Importer(815301076,1909f56bfc062723c751e8b465ee728b)
Start importing Assets/Prefabs/OutdoorBench.prefab using Guid(3af111da4f4317846ac40ee86a2e3c85) Importer(815301076,1909f56bfc062723c751e8b465ee728b)  -> (artifact id: '8d90de693cea396944c9e328b940ab00') in 0.017484 seconds 
========================================================================
Received Import Request.
  Time since last request: 48.197066 seconds.
  path: Assets/Prefabs/Plots/Roofs/Roof1.prefab
  artifactKey: Guid(fea26ca112cedbb49bbd35ea70897527) Importer(815301076,1909f56bfc062723c751e8b465ee728b)
Start importing Assets/Prefabs/Plots/Roofs/Roof1.prefab using Guid(fea26ca112cedbb49bbd35ea70897527) Importer(815301076,1909f56bfc062723c751e8b465ee728b)  -> (artifact id: '2b245b3deb045ebfcaeb88c5d06068c8') in 0.024061 seconds 
========================================================================
Received Import Request.
  Time since last request: 0.000031 seconds.
  path: Assets/Prefabs/Plots/Roofs/Roof4.prefab
  artifactKey: Guid(3cb0e428e81ca404cb3b81193028c2d8) Importer(815301076,1909f56bfc062723c751e8b465ee728b)
Start importing Assets/Prefabs/Plots/Roofs/Roof4.prefab using Guid(3cb0e428e81ca404cb3b81193028c2d8) Importer(815301076,1909f56bfc062723c751e8b465ee728b)  -> (artifact id: 'f4b2fc8c3d8257490a75903ad6b37360') in 0.026952 seconds 
========================================================================
Received Import Request.
  Time since last request: 0.000034 seconds.
  path: Assets/Prefabs/Plots/Roofs/Roof3.prefab
  artifactKey: Guid(f456331db0df2bd4ea2102047422598b) Importer(815301076,1909f56bfc062723c751e8b465ee728b)
Start importing Assets/Prefabs/Plots/Roofs/Roof3.prefab using Guid(f456331db0df2bd4ea2102047422598b) Importer(815301076,1909f56bfc062723c751e8b465ee728b)  -> (artifact id: 'b6394aac6e66c8a3419387c11b91496d') in 0.026293 seconds 
========================================================================
Received Import Request.
  Time since last request: 2.081063 seconds.
  path: Assets/Prefabs/Picnic Table.prefab
  artifactKey: Guid(e439b2c5ba6cceb4e9ca5d01a9c77b2e) Importer(815301076,1909f56bfc062723c751e8b465ee728b)
Start importing Assets/Prefabs/Picnic Table.prefab using Guid(e439b2c5ba6cceb4e9ca5d01a9c77b2e) Importer(815301076,1909f56bfc062723c751e8b465ee728b)  -> (artifact id: 'a65d79afea3d0c65af63a77eab44ba34') in 0.017118 seconds 
========================================================================
Received Import Request.
  Time since last request: 2.728793 seconds.
  path: Assets/Prefabs/Displays/Display 3.prefab
  artifactKey: Guid(9ffa8cc753e115f46937c279f506ecec) Importer(815301076,1909f56bfc062723c751e8b465ee728b)
Start importing Assets/Prefabs/Displays/Display 3.prefab using Guid(9ffa8cc753e115f46937c279f506ecec) Importer(815301076,1909f56bfc062723c751e8b465ee728b)  -> (artifact id: 'a306bd63c389c50cf238e0857d9a0657') in 0.018205 seconds 
========================================================================
Received Import Request.
  Time since last request: 0.000033 seconds.
  path: Assets/Prefabs/Displays/Display.prefab
  artifactKey: Guid(586aff796c4f79a4ca2b61715cb2c0b2) Importer(815301076,1909f56bfc062723c751e8b465ee728b)
Start importing Assets/Prefabs/Displays/Display.prefab using Guid(586aff796c4f79a4ca2b61715cb2c0b2) Importer(815301076,1909f56bfc062723c751e8b465ee728b)  -> (artifact id: '871655aa7edd06a90ec81cfb0c06447b') in 0.034798 seconds 
========================================================================
Received Import Request.
  Time since last request: 3.989013 seconds.
  path: Assets/Prefabs/Displays/Display.prefab
  artifactKey: Guid(586aff796c4f79a4ca2b61715cb2c0b2) Importer(815301076,1909f56bfc062723c751e8b465ee728b)
Start importing Assets/Prefabs/Displays/Display.prefab using Guid(586aff796c4f79a4ca2b61715cb2c0b2) Importer(815301076,1909f56bfc062723c751e8b465ee728b)  -> (artifact id: '6f9767093038d366cf13a51fa0ecb2c1') in 0.031573 seconds 
========================================================================
Received Import Request.
  Time since last request: 3.286670 seconds.
  path: Assets/Prefabs/Displays/Display.prefab
  artifactKey: Guid(586aff796c4f79a4ca2b61715cb2c0b2) Importer(815301076,1909f56bfc062723c751e8b465ee728b)
Start importing Assets/Prefabs/Displays/Display.prefab using Guid(586aff796c4f79a4ca2b61715cb2c0b2) Importer(815301076,1909f56bfc062723c751e8b465ee728b)  -> (artifact id: '15494f009099bd0585379d485961b3d4') in 0.032867 seconds 
========================================================================
Received Import Request.
  Time since last request: 1.285803 seconds.
  path: Assets/Prefabs/Displays/Display.prefab
  artifactKey: Guid(586aff796c4f79a4ca2b61715cb2c0b2) Importer(815301076,1909f56bfc062723c751e8b465ee728b)
Start importing Assets/Prefabs/Displays/Display.prefab using Guid(586aff796c4f79a4ca2b61715cb2c0b2) Importer(815301076,1909f56bfc062723c751e8b465ee728b)  -> (artifact id: 'e7dd6732090747cde42e810ca85c086d') in 0.030333 seconds 
========================================================================
Received Import Request.
  Time since last request: 4.887842 seconds.
  path: Assets/Prefabs/Displays/Display.prefab
  artifactKey: Guid(586aff796c4f79a4ca2b61715cb2c0b2) Importer(815301076,1909f56bfc062723c751e8b465ee728b)
Start importing Assets/Prefabs/Displays/Display.prefab using Guid(586aff796c4f79a4ca2b61715cb2c0b2) Importer(815301076,1909f56bfc062723c751e8b465ee728b)  -> (artifact id: 'fd9bc3c248ca3742790a00dde7f1f6dd') in 0.029307 seconds 
========================================================================
Received Import Request.
  Time since last request: 4.062684 seconds.
  path: Assets/Prefabs/Displays/Display.prefab
  artifactKey: Guid(586aff796c4f79a4ca2b61715cb2c0b2) Importer(815301076,1909f56bfc062723c751e8b465ee728b)
Start importing Assets/Prefabs/Displays/Display.prefab using Guid(586aff796c4f79a4ca2b61715cb2c0b2) Importer(815301076,1909f56bfc062723c751e8b465ee728b)  -> (artifact id: 'b204e5f1460bc8c2d839290567403238') in 0.030952 seconds 
========================================================================
Received Import Request.
  Time since last request: 1.445484 seconds.
  path: Assets/Prefabs/Displays/Display.prefab
  artifactKey: Guid(586aff796c4f79a4ca2b61715cb2c0b2) Importer(815301076,1909f56bfc062723c751e8b465ee728b)
Start importing Assets/Prefabs/Displays/Display.prefab using Guid(586aff796c4f79a4ca2b61715cb2c0b2) Importer(815301076,1909f56bfc062723c751e8b465ee728b)  -> (artifact id: '9f2f984b0cb325d63b027e3ff38f11b1') in 0.030347 seconds 
========================================================================
Received Import Request.
  Time since last request: 1.577860 seconds.
  path: Assets/Prefabs/Displays/Display.prefab
  artifactKey: Guid(586aff796c4f79a4ca2b61715cb2c0b2) Importer(815301076,1909f56bfc062723c751e8b465ee728b)
Start importing Assets/Prefabs/Displays/Display.prefab using Guid(586aff796c4f79a4ca2b61715cb2c0b2) Importer(815301076,1909f56bfc062723c751e8b465ee728b)  -> (artifact id: 'e74a0b5c6f8162b81dc40c99e75634b1') in 0.032292 seconds 
========================================================================
Received Import Request.
  Time since last request: 4.852453 seconds.
  path: Assets/Prefabs/Displays/Display.prefab
  artifactKey: Guid(586aff796c4f79a4ca2b61715cb2c0b2) Importer(815301076,1909f56bfc062723c751e8b465ee728b)
Start importing Assets/Prefabs/Displays/Display.prefab using Guid(586aff796c4f79a4ca2b61715cb2c0b2) Importer(815301076,1909f56bfc062723c751e8b465ee728b)  -> (artifact id: '938d9ea62c0950332d61def7744678e1') in 0.029951 seconds 
========================================================================
Received Import Request.
  Time since last request: 11.000086 seconds.
  path: Assets/Prefabs/Displays/Display.prefab
  artifactKey: Guid(586aff796c4f79a4ca2b61715cb2c0b2) Importer(815301076,1909f56bfc062723c751e8b465ee728b)
Start importing Assets/Prefabs/Displays/Display.prefab using Guid(586aff796c4f79a4ca2b61715cb2c0b2) Importer(815301076,1909f56bfc062723c751e8b465ee728b)  -> (artifact id: 'b663b07f70bbcd829fb5b47893d0c4d7') in 0.030511 seconds 
========================================================================
Received Import Request.
  Time since last request: 8.938478 seconds.
  path: Assets/Prefabs/Displays/Display.prefab
  artifactKey: Guid(586aff796c4f79a4ca2b61715cb2c0b2) Importer(815301076,1909f56bfc062723c751e8b465ee728b)
Start importing Assets/Prefabs/Displays/Display.prefab using Guid(586aff796c4f79a4ca2b61715cb2c0b2) Importer(815301076,1909f56bfc062723c751e8b465ee728b)  -> (artifact id: '6d3229590ee26c22fb101fabb640ea5f') in 0.031016 seconds 
========================================================================
Received Import Request.
  Time since last request: 19.043485 seconds.
  path: Assets/Prefabs/Displays/Display.prefab
  artifactKey: Guid(586aff796c4f79a4ca2b61715cb2c0b2) Importer(815301076,1909f56bfc062723c751e8b465ee728b)
Start importing Assets/Prefabs/Displays/Display.prefab using Guid(586aff796c4f79a4ca2b61715cb2c0b2) Importer(815301076,1909f56bfc062723c751e8b465ee728b)  -> (artifact id: '65d9ba77f8693b0fc7ee82bc05d22645') in 0.031638 seconds 
========================================================================
Received Import Request.
  Time since last request: 2.463248 seconds.
  path: Assets/Prefabs/Displays/Display.prefab
  artifactKey: Guid(586aff796c4f79a4ca2b61715cb2c0b2) Importer(815301076,1909f56bfc062723c751e8b465ee728b)
Start importing Assets/Prefabs/Displays/Display.prefab using Guid(586aff796c4f79a4ca2b61715cb2c0b2) Importer(815301076,1909f56bfc062723c751e8b465ee728b)  -> (artifact id: '2db7569158a5174506bda1c3616d7493') in 0.031188 seconds 
========================================================================
Received Import Request.
  Time since last request: 25.612044 seconds.
  path: Assets/Prefabs/Displays/Display.prefab
  artifactKey: Guid(586aff796c4f79a4ca2b61715cb2c0b2) Importer(815301076,1909f56bfc062723c751e8b465ee728b)
Start importing Assets/Prefabs/Displays/Display.prefab using Guid(586aff796c4f79a4ca2b61715cb2c0b2) Importer(815301076,1909f56bfc062723c751e8b465ee728b)  -> (artifact id: '9016272a6573248084bedc579aca5bfe') in 0.030119 seconds 
========================================================================
Received Import Request.
  Time since last request: 16.100221 seconds.
  path: Assets/Prefabs/Displays/Display.prefab
  artifactKey: Guid(586aff796c4f79a4ca2b61715cb2c0b2) Importer(815301076,1909f56bfc062723c751e8b465ee728b)
Start importing Assets/Prefabs/Displays/Display.prefab using Guid(586aff796c4f79a4ca2b61715cb2c0b2) Importer(815301076,1909f56bfc062723c751e8b465ee728b)  -> (artifact id: '4e61ed0c21e8110345c3f4f8e22997b4') in 0.030175 seconds 
========================================================================
Received Import Request.
  Time since last request: 3.192067 seconds.
  path: Assets/Prefabs/Displays/Display.prefab
  artifactKey: Guid(586aff796c4f79a4ca2b61715cb2c0b2) Importer(815301076,1909f56bfc062723c751e8b465ee728b)
Start importing Assets/Prefabs/Displays/Display.prefab using Guid(586aff796c4f79a4ca2b61715cb2c0b2) Importer(815301076,1909f56bfc062723c751e8b465ee728b)  -> (artifact id: '14c29060cbc36001588179db4645a6f5') in 0.028805 seconds 
========================================================================
Received Import Request.
  Time since last request: 4.607358 seconds.
  path: Assets/Prefabs/Displays/Display.prefab
  artifactKey: Guid(586aff796c4f79a4ca2b61715cb2c0b2) Importer(815301076,1909f56bfc062723c751e8b465ee728b)
Start importing Assets/Prefabs/Displays/Display.prefab using Guid(586aff796c4f79a4ca2b61715cb2c0b2) Importer(815301076,1909f56bfc062723c751e8b465ee728b)  -> (artifact id: '1d5ecf18801c995298f82739f8edaf6c') in 0.033809 seconds 
========================================================================
Received Import Request.
  Time since last request: 19.998928 seconds.
  path: Assets/Prefabs/Displays/Display.prefab
  artifactKey: Guid(586aff796c4f79a4ca2b61715cb2c0b2) Importer(815301076,1909f56bfc062723c751e8b465ee728b)
Start importing Assets/Prefabs/Displays/Display.prefab using Guid(586aff796c4f79a4ca2b61715cb2c0b2) Importer(815301076,1909f56bfc062723c751e8b465ee728b)  -> (artifact id: '6b5b99c95c2cbe3dc91f50830f00311e') in 0.030011 seconds 
========================================================================
Received Import Request.
  Time since last request: 2.182041 seconds.
  path: Assets/Prefabs/Displays/Display.prefab
  artifactKey: Guid(586aff796c4f79a4ca2b61715cb2c0b2) Importer(815301076,1909f56bfc062723c751e8b465ee728b)
Start importing Assets/Prefabs/Displays/Display.prefab using Guid(586aff796c4f79a4ca2b61715cb2c0b2) Importer(815301076,1909f56bfc062723c751e8b465ee728b)  -> (artifact id: 'e5d6fbf4b3ee9280fbbd3a31db0e1849') in 0.034562 seconds 
========================================================================
Received Import Request.
  Time since last request: 1.761965 seconds.
  path: Assets/Prefabs/Displays/Display.prefab
  artifactKey: Guid(586aff796c4f79a4ca2b61715cb2c0b2) Importer(815301076,1909f56bfc062723c751e8b465ee728b)
Start importing Assets/Prefabs/Displays/Display.prefab using Guid(586aff796c4f79a4ca2b61715cb2c0b2) Importer(815301076,1909f56bfc062723c751e8b465ee728b)  -> (artifact id: 'feb813f14ad626c9f776673832467b4f') in 0.031569 seconds 
========================================================================
Received Import Request.
  Time since last request: 4.213416 seconds.
  path: Assets/Prefabs/Displays/Display.prefab
  artifactKey: Guid(586aff796c4f79a4ca2b61715cb2c0b2) Importer(815301076,1909f56bfc062723c751e8b465ee728b)
Start importing Assets/Prefabs/Displays/Display.prefab using Guid(586aff796c4f79a4ca2b61715cb2c0b2) Importer(815301076,1909f56bfc062723c751e8b465ee728b)  -> (artifact id: 'f07a9eaebf95d94c7c017c4dcb47d5f1') in 0.034104 seconds 
========================================================================
Received Import Request.
  Time since last request: 2.779477 seconds.
  path: Assets/Prefabs/Displays/Display.prefab
  artifactKey: Guid(586aff796c4f79a4ca2b61715cb2c0b2) Importer(815301076,1909f56bfc062723c751e8b465ee728b)
Start importing Assets/Prefabs/Displays/Display.prefab using Guid(586aff796c4f79a4ca2b61715cb2c0b2) Importer(815301076,1909f56bfc062723c751e8b465ee728b)  -> (artifact id: '614388526ba99a432c465751ace4ffd0') in 0.033575 seconds 
========================================================================
Received Import Request.
  Time since last request: 3.614638 seconds.
  path: Assets/Prefabs/Displays/Display.prefab
  artifactKey: Guid(586aff796c4f79a4ca2b61715cb2c0b2) Importer(815301076,1909f56bfc062723c751e8b465ee728b)
Start importing Assets/Prefabs/Displays/Display.prefab using Guid(586aff796c4f79a4ca2b61715cb2c0b2) Importer(815301076,1909f56bfc062723c751e8b465ee728b)  -> (artifact id: '0e505b8e7b85cb10f1521716f5770c6e') in 0.034490 seconds 
========================================================================
Received Import Request.
  Time since last request: 6.393073 seconds.
  path: Assets/Prefabs/Displays/Display.prefab
  artifactKey: Guid(586aff796c4f79a4ca2b61715cb2c0b2) Importer(815301076,1909f56bfc062723c751e8b465ee728b)
Start importing Assets/Prefabs/Displays/Display.prefab using Guid(586aff796c4f79a4ca2b61715cb2c0b2) Importer(815301076,1909f56bfc062723c751e8b465ee728b)  -> (artifact id: 'fce0d252735b1aabd21ce22e1badf0b9') in 0.033069 seconds 
========================================================================
Received Import Request.
  Time since last request: 18.619759 seconds.
  path: Assets/Prefabs/Displays/Display.prefab
  artifactKey: Guid(586aff796c4f79a4ca2b61715cb2c0b2) Importer(815301076,1909f56bfc062723c751e8b465ee728b)
Start importing Assets/Prefabs/Displays/Display.prefab using Guid(586aff796c4f79a4ca2b61715cb2c0b2) Importer(815301076,1909f56bfc062723c751e8b465ee728b)  -> (artifact id: 'ebaa4823eeb000f41df7f7665a0fa2a3') in 0.036127 seconds 
========================================================================
Received Import Request.
  Time since last request: 6.000918 seconds.
  path: Assets/Prefabs/Displays/Display.prefab
  artifactKey: Guid(586aff796c4f79a4ca2b61715cb2c0b2) Importer(815301076,1909f56bfc062723c751e8b465ee728b)
Start importing Assets/Prefabs/Displays/Display.prefab using Guid(586aff796c4f79a4ca2b61715cb2c0b2) Importer(815301076,1909f56bfc062723c751e8b465ee728b)  -> (artifact id: 'cbfe9127f4e4570184c26c1b7f70f125') in 0.030612 seconds 
========================================================================
Received Import Request.
  Time since last request: 3.606641 seconds.
  path: Assets/Prefabs/Displays/Display.prefab
  artifactKey: Guid(586aff796c4f79a4ca2b61715cb2c0b2) Importer(815301076,1909f56bfc062723c751e8b465ee728b)
Start importing Assets/Prefabs/Displays/Display.prefab using Guid(586aff796c4f79a4ca2b61715cb2c0b2) Importer(815301076,1909f56bfc062723c751e8b465ee728b)  -> (artifact id: 'feeebac5b8208e8236f19cab242cc86f') in 0.033363 seconds 
========================================================================
Received Import Request.
  Time since last request: 3.587664 seconds.
  path: Assets/Prefabs/Displays/Display.prefab
  artifactKey: Guid(586aff796c4f79a4ca2b61715cb2c0b2) Importer(815301076,1909f56bfc062723c751e8b465ee728b)
Start importing Assets/Prefabs/Displays/Display.prefab using Guid(586aff796c4f79a4ca2b61715cb2c0b2) Importer(815301076,1909f56bfc062723c751e8b465ee728b)  -> (artifact id: '3917dfb47142ac12967943204d53abec') in 0.032342 seconds 
========================================================================
Received Import Request.
  Time since last request: 3.596423 seconds.
  path: Assets/Prefabs/Displays/Display.prefab
  artifactKey: Guid(586aff796c4f79a4ca2b61715cb2c0b2) Importer(815301076,1909f56bfc062723c751e8b465ee728b)
Start importing Assets/Prefabs/Displays/Display.prefab using Guid(586aff796c4f79a4ca2b61715cb2c0b2) Importer(815301076,1909f56bfc062723c751e8b465ee728b)  -> (artifact id: '50487a7efa7afb008dfbe31d00369396') in 0.032927 seconds 
========================================================================
Received Import Request.
  Time since last request: 2.992511 seconds.
  path: Assets/Prefabs/Displays/Display.prefab
  artifactKey: Guid(586aff796c4f79a4ca2b61715cb2c0b2) Importer(815301076,1909f56bfc062723c751e8b465ee728b)
Start importing Assets/Prefabs/Displays/Display.prefab using Guid(586aff796c4f79a4ca2b61715cb2c0b2) Importer(815301076,1909f56bfc062723c751e8b465ee728b)  -> (artifact id: 'a2c8fbb84ea9b5f2c3f856a5d0d7dcd8') in 0.035625 seconds 
========================================================================
Received Import Request.
  Time since last request: 2.380277 seconds.
  path: Assets/Prefabs/Displays/Display.prefab
  artifactKey: Guid(586aff796c4f79a4ca2b61715cb2c0b2) Importer(815301076,1909f56bfc062723c751e8b465ee728b)
Start importing Assets/Prefabs/Displays/Display.prefab using Guid(586aff796c4f79a4ca2b61715cb2c0b2) Importer(815301076,1909f56bfc062723c751e8b465ee728b)  -> (artifact id: 'edfeb01c864a11a3902764cfc79bdea9') in 0.034135 seconds 
========================================================================
Received Import Request.
  Time since last request: 2.380087 seconds.
  path: Assets/Prefabs/Displays/Display.prefab
  artifactKey: Guid(586aff796c4f79a4ca2b61715cb2c0b2) Importer(815301076,1909f56bfc062723c751e8b465ee728b)
Start importing Assets/Prefabs/Displays/Display.prefab using Guid(586aff796c4f79a4ca2b61715cb2c0b2) Importer(815301076,1909f56bfc062723c751e8b465ee728b)  -> (artifact id: '46970daa2ed510e24c67919e6f93ae3a') in 0.033245 seconds 
========================================================================
Received Import Request.
  Time since last request: 2.419557 seconds.
  path: Assets/Prefabs/Displays/Display.prefab
  artifactKey: Guid(586aff796c4f79a4ca2b61715cb2c0b2) Importer(815301076,1909f56bfc062723c751e8b465ee728b)
Start importing Assets/Prefabs/Displays/Display.prefab using Guid(586aff796c4f79a4ca2b61715cb2c0b2) Importer(815301076,1909f56bfc062723c751e8b465ee728b)  -> (artifact id: 'af490c35585e09c7eaa88658ea0dbb00') in 0.032342 seconds 
========================================================================
Received Import Request.
  Time since last request: 6.804510 seconds.
  path: Assets/Prefabs/Displays/Display.prefab
  artifactKey: Guid(586aff796c4f79a4ca2b61715cb2c0b2) Importer(815301076,1909f56bfc062723c751e8b465ee728b)
Start importing Assets/Prefabs/Displays/Display.prefab using Guid(586aff796c4f79a4ca2b61715cb2c0b2) Importer(815301076,1909f56bfc062723c751e8b465ee728b)  -> (artifact id: '169819976ce0c7e33ec15c5dae1a32e2') in 0.033624 seconds 
========================================================================
Received Import Request.
  Time since last request: 3.384959 seconds.
  path: Assets/Prefabs/Displays/Display.prefab
  artifactKey: Guid(586aff796c4f79a4ca2b61715cb2c0b2) Importer(815301076,1909f56bfc062723c751e8b465ee728b)
Start importing Assets/Prefabs/Displays/Display.prefab using Guid(586aff796c4f79a4ca2b61715cb2c0b2) Importer(815301076,1909f56bfc062723c751e8b465ee728b)  -> (artifact id: '9a707aeff2fd16a9c3164e758b7d6abe') in 0.031024 seconds 
========================================================================
Received Import Request.
  Time since last request: 5.621597 seconds.
  path: Assets/Prefabs/Displays/Display.prefab
  artifactKey: Guid(586aff796c4f79a4ca2b61715cb2c0b2) Importer(815301076,1909f56bfc062723c751e8b465ee728b)
Start importing Assets/Prefabs/Displays/Display.prefab using Guid(586aff796c4f79a4ca2b61715cb2c0b2) Importer(815301076,1909f56bfc062723c751e8b465ee728b)  -> (artifact id: '1a1aa98ab0e13f735173849a7ba266e1') in 0.031638 seconds 
========================================================================
Received Import Request.
  Time since last request: 2.208899 seconds.
  path: Assets/Prefabs/Displays/Display.prefab
  artifactKey: Guid(586aff796c4f79a4ca2b61715cb2c0b2) Importer(815301076,1909f56bfc062723c751e8b465ee728b)
Start importing Assets/Prefabs/Displays/Display.prefab using Guid(586aff796c4f79a4ca2b61715cb2c0b2) Importer(815301076,1909f56bfc062723c751e8b465ee728b)  -> (artifact id: '5c158d80bc08ceb50ba47203c6ad04d8') in 0.030788 seconds 
========================================================================
Received Import Request.
  Time since last request: 1.567536 seconds.
  path: Assets/Prefabs/Displays/Display.prefab
  artifactKey: Guid(586aff796c4f79a4ca2b61715cb2c0b2) Importer(815301076,1909f56bfc062723c751e8b465ee728b)
Start importing Assets/Prefabs/Displays/Display.prefab using Guid(586aff796c4f79a4ca2b61715cb2c0b2) Importer(815301076,1909f56bfc062723c751e8b465ee728b)  -> (artifact id: 'ac6f4d81a6584b1761477fb5b3527806') in 0.033321 seconds 
========================================================================
Received Import Request.
  Time since last request: 2.382671 seconds.
  path: Assets/Prefabs/Displays/Display.prefab
  artifactKey: Guid(586aff796c4f79a4ca2b61715cb2c0b2) Importer(815301076,1909f56bfc062723c751e8b465ee728b)
Start importing Assets/Prefabs/Displays/Display.prefab using Guid(586aff796c4f79a4ca2b61715cb2c0b2) Importer(815301076,1909f56bfc062723c751e8b465ee728b)  -> (artifact id: '3997fdf7a5b69fe13e9566e668c7615b') in 0.032932 seconds 
========================================================================
Received Import Request.
  Time since last request: 4.200378 seconds.
  path: Assets/Prefabs/Displays/Display.prefab
  artifactKey: Guid(586aff796c4f79a4ca2b61715cb2c0b2) Importer(815301076,1909f56bfc062723c751e8b465ee728b)
Start importing Assets/Prefabs/Displays/Display.prefab using Guid(586aff796c4f79a4ca2b61715cb2c0b2) Importer(815301076,1909f56bfc062723c751e8b465ee728b)  -> (artifact id: 'd9142dcae3beab26a436f9755494650b') in 0.031284 seconds 
========================================================================
Received Import Request.
  Time since last request: 2.997664 seconds.
  path: Assets/Prefabs/Displays/Display.prefab
  artifactKey: Guid(586aff796c4f79a4ca2b61715cb2c0b2) Importer(815301076,1909f56bfc062723c751e8b465ee728b)
Start importing Assets/Prefabs/Displays/Display.prefab using Guid(586aff796c4f79a4ca2b61715cb2c0b2) Importer(815301076,1909f56bfc062723c751e8b465ee728b)  -> (artifact id: '30c44457c35419cf82cf59cd4e54eb99') in 0.033904 seconds 
========================================================================
Received Import Request.
  Time since last request: 3.007386 seconds.
  path: Assets/Prefabs/Displays/Display.prefab
  artifactKey: Guid(586aff796c4f79a4ca2b61715cb2c0b2) Importer(815301076,1909f56bfc062723c751e8b465ee728b)
Start importing Assets/Prefabs/Displays/Display.prefab using Guid(586aff796c4f79a4ca2b61715cb2c0b2) Importer(815301076,1909f56bfc062723c751e8b465ee728b)  -> (artifact id: '642396c8cd33e0fa30fa6b38163d838a') in 0.035560 seconds 
========================================================================
Received Import Request.
  Time since last request: 3.407796 seconds.
  path: Assets/Prefabs/Displays/Display.prefab
  artifactKey: Guid(586aff796c4f79a4ca2b61715cb2c0b2) Importer(815301076,1909f56bfc062723c751e8b465ee728b)
Start importing Assets/Prefabs/Displays/Display.prefab using Guid(586aff796c4f79a4ca2b61715cb2c0b2) Importer(815301076,1909f56bfc062723c751e8b465ee728b)  -> (artifact id: '4ee9ae29e3784ecb4d6ad91f1dd07cb0') in 0.032243 seconds 
========================================================================
Received Prepare
Registering precompiled user dll's ...
Registered in 0.006952 seconds.
Begin MonoManager ReloadAssembly
Symbol file LoadedFromMemory doesn't match image C:\Users\aaron\Documents\GitHub\SCP-3008\SCP-3008\Library\PackageCache\com.unity.visualscripting@1.7.8\Editor\VisualScripting.Core\Dependencies\YamlDotNet\Unity.VisualScripting.YamlDotNet.dll
Symbol file LoadedFromMemory doesn't match image C:\Users\aaron\Documents\GitHub\SCP-3008\SCP-3008\Library\PackageCache\com.unity.visualscripting@1.7.8\Editor\VisualScripting.Core\Dependencies\DotNetZip\Unity.VisualScripting.IonicZip.dll
Native extension for WindowsStandalone target not found
Refreshing native plugins compatible for Editor in 1.61 ms, found 3 plugins.
Preloading 0 native plugins for Editor in 0.00 ms.
Mono: successfully reloaded assembly
- Completed reload, in  1.840 seconds
Domain Reload Profiling:
	ReloadAssembly (1841ms)
		BeginReloadAssembly (266ms)
			ExecutionOrderSort (0ms)
			DisableScriptedObjects (47ms)
			BackupInstance (0ms)
			ReleaseScriptingObjects (0ms)
			CreateAndSetChildDomain (74ms)
		EndReloadAssembly (1456ms)
			LoadAssemblies (143ms)
			RebuildTransferFunctionScriptingTraits (0ms)
			SetupTypeCache (645ms)
			ReleaseScriptCaches (3ms)
			RebuildScriptCaches (73ms)
			SetupLoadedEditorAssemblies (494ms)
				LogAssemblyErrors (0ms)
				InitializePlatformSupportModulesInManaged (10ms)
				SetLoadedEditorAssemblies (0ms)
				RefreshPlugins (2ms)
				BeforeProcessingInitializeOnLoad (102ms)
				ProcessInitializeOnLoadAttributes (343ms)
				ProcessInitializeOnLoadMethodAttributes (30ms)
				AfterProcessingInitializeOnLoad (7ms)
				EditorAssembliesLoaded (0ms)
			ExecutionOrderSort2 (0ms)
			AwakeInstancesAfterBackupRestoration (18ms)
Platform modules already initialized, skipping
Refreshing native plugins compatible for Editor in 3.06 ms, found 3 plugins.
Preloading 0 native plugins for Editor in 0.00 ms.
Unloading 6602 Unused Serialized files (Serialized files now loaded: 0)
Unloading 50 unused Assets / (3.8 MB). Loaded Objects now: 7768.
Memory consumption went from 295.9 MB to 292.0 MB.
Total: 5.448200 ms (FindLiveObjects: 0.573300 ms CreateObjectMapping: 0.541800 ms MarkObjects: 3.530600 ms  DeleteObjects: 0.801400 ms)

AssetImportParameters requested are different than current active one (requested -> active):
  custom:video-decoder-ogg-theora: a1e56fd34408186e4bbccfd4996cb3dc -> 
  custom:container-muxer-webm: aa71ff27fc2769a1b78a27578f13a17b -> 
  custom:container-demuxer-webm: 4f35f7cbe854078d1ac9338744f61a02 -> 
  custom:video-encoder-webm-vp8: eb34c28f22e8b96e1ab97ce403110664 -> 
  custom:video-codec-MediaFoundation-h265: 746d11721c4dcdbdad8f713fa42b33f4 -> 
  custom:audio-encoder-webm-vorbis: bf7c407c2cedff20999df2af8eb42d56 -> 
  custom:framework-win-MediaFoundation: 216162199b28c13a410421893ffa2e32 -> 
  custom:container-demuxer-ogg: 62fdf1f143b41e24485cea50d1cbac27 -> 
  custom:video-decoder-webm-vp8: 9c59270c3fd7afecdb556c50c9e8de78 -> 
  custom:audio-decoder-ogg-vorbis: bf7c407c2cedff20999df2af8eb42d56 -> 
========================================================================
Received Import Request.
  Time since last request: 141.514123 seconds.
  path: Assets/Prefabs/Displays/Display.prefab
  artifactKey: Guid(586aff796c4f79a4ca2b61715cb2c0b2) Importer(815301076,1909f56bfc062723c751e8b465ee728b)
Start importing Assets/Prefabs/Displays/Display.prefab using Guid(586aff796c4f79a4ca2b61715cb2c0b2) Importer(815301076,1909f56bfc062723c751e8b465ee728b)  -> (artifact id: 'de71b681e025a81510fe7d2ecb1c2dd5') in 0.664259 seconds 
========================================================================
Received Import Request.
  Time since last request: 89.460699 seconds.
  path: Assets/Prefabs/Displays/Display 3.prefab
  artifactKey: Guid(9ffa8cc753e115f46937c279f506ecec) Importer(815301076,1909f56bfc062723c751e8b465ee728b)
Start importing Assets/Prefabs/Displays/Display 3.prefab using Guid(9ffa8cc753e115f46937c279f506ecec) Importer(815301076,1909f56bfc062723c751e8b465ee728b)  -> (artifact id: 'a19b5194466e2d5a8da460c3b3a5d266') in 0.024862 seconds 
========================================================================
Received Import Request.
  Time since last request: 1.723383 seconds.
  path: Assets/Prefabs/Displays/Display 3.prefab
  artifactKey: Guid(9ffa8cc753e115f46937c279f506ecec) Importer(815301076,1909f56bfc062723c751e8b465ee728b)
Start importing Assets/Prefabs/Displays/Display 3.prefab using Guid(9ffa8cc753e115f46937c279f506ecec) Importer(815301076,1909f56bfc062723c751e8b465ee728b)  -> (artifact id: 'ba40758a5f3aa77580a733b6c41831e3') in 0.039536 seconds 
========================================================================
Received Import Request.
  Time since last request: 1.142449 seconds.
  path: Assets/Prefabs/Displays/Display 3.prefab
  artifactKey: Guid(9ffa8cc753e115f46937c279f506ecec) Importer(815301076,1909f56bfc062723c751e8b465ee728b)
Start importing Assets/Prefabs/Displays/Display 3.prefab using Guid(9ffa8cc753e115f46937c279f506ecec) Importer(815301076,1909f56bfc062723c751e8b465ee728b)  -> (artifact id: '1b4ef42d07e7c860e0e36df8c9653d81') in 0.020304 seconds 
========================================================================
Received Import Request.
  Time since last request: 1.788854 seconds.
  path: Assets/Prefabs/Displays/Display 3.prefab
  artifactKey: Guid(9ffa8cc753e115f46937c279f506ecec) Importer(815301076,1909f56bfc062723c751e8b465ee728b)
Start importing Assets/Prefabs/Displays/Display 3.prefab using Guid(9ffa8cc753e115f46937c279f506ecec) Importer(815301076,1909f56bfc062723c751e8b465ee728b) Renderer 'picnicTable' is registered with more than one LODGroup ('Display 3(Clone)' and 'Picnic Table').
UnityEngine.StackTraceUtility:ExtractStackTrace ()
UnityEditor.EditorUtility:Internal_InstantiateRemoveAllNonAnimationComponentsSingle (UnityEngine.Object,UnityEngine.Vector3,UnityEngine.Quaternion)
UnityEditor.EditorUtility:InstantiateRemoveAllNonAnimationComponents (UnityEngine.Object,UnityEngine.Vector3,UnityEngine.Quaternion)
UnityEditor.EditorUtility:InstantiateForAnimatorPreview (UnityEngine.Object)
UnityEditor.GameObjectInspector/PreviewData:UpdateGameObject (UnityEngine.Object)
UnityEditor.GameObjectInspector/PreviewData:.ctor (UnityEngine.Object)
UnityEditor.GameObjectInspector:GetPreviewData ()
UnityEditor.GameObjectInspector:RenderStaticPreview (string,UnityEngine.Object[],int,int)
UnityEditor.AssetPreviewUpdater:CreatePreview (UnityEngine.Object,UnityEngine.Object[],string,int,int)
UnityEditor.AssetPreviewUpdater:CreatePreviewForAsset (UnityEngine.Object,UnityEngine.Object[],string)

[C:\buildslave\unity\build\Runtime\Graphics\LOD\LODGroup.cpp line 189]

Renderer 'picnicTable' is registered with more than one LODGroup ('Display 3(Clone)' and 'Picnic Table').
UnityEngine.StackTraceUtility:ExtractStackTrace ()
UnityEditor.EditorUtility:Internal_InstantiateRemoveAllNonAnimationComponentsSingle (UnityEngine.Object,UnityEngine.Vector3,UnityEngine.Quaternion)
UnityEditor.EditorUtility:InstantiateRemoveAllNonAnimationComponents (UnityEngine.Object,UnityEngine.Vector3,UnityEngine.Quaternion)
UnityEditor.EditorUtility:InstantiateForAnimatorPreview (UnityEngine.Object)
UnityEditor.GameObjectInspector/PreviewData:UpdateGameObject (UnityEngine.Object)
UnityEditor.GameObjectInspector/PreviewData:.ctor (UnityEngine.Object)
UnityEditor.GameObjectInspector:GetPreviewData ()
UnityEditor.GameObjectInspector:RenderStaticPreview (string,UnityEngine.Object[],int,int)
UnityEditor.AssetPreviewUpdater:CreatePreview (UnityEngine.Object,UnityEngine.Object[],string,int,int)
UnityEditor.AssetPreviewUpdater:CreatePreviewForAsset (UnityEngine.Object,UnityEngine.Object[],string)

[C:\buildslave\unity\build\Runtime\Graphics\LOD\LODGroup.cpp line 189]

Renderer 'picnicTable' is registered with more than one LODGroup ('Display 3(Clone)AnimatorPreview' and 'Picnic Table').
UnityEngine.StackTraceUtility:ExtractStackTrace ()
UnityEditor.EditorUtility:InitInstantiatedPreviewRecursive (UnityEngine.GameObject)
UnityEditor.EditorUtility:InstantiateForAnimatorPreview (UnityEngine.Object)
UnityEditor.GameObjectInspector/PreviewData:UpdateGameObject (UnityEngine.Object)
UnityEditor.GameObjectInspector/PreviewData:.ctor (UnityEngine.Object)
UnityEditor.GameObjectInspector:GetPreviewData ()
UnityEditor.GameObjectInspector:RenderStaticPreview (string,UnityEngine.Object[],int,int)
UnityEditor.AssetPreviewUpdater:CreatePreview (UnityEngine.Object,UnityEngine.Object[],string,int,int)
UnityEditor.AssetPreviewUpdater:CreatePreviewForAsset (UnityEngine.Object,UnityEngine.Object[],string)

[C:\buildslave\unity\build\Runtime\Graphics\LOD\LODGroup.cpp line 189]

Renderer 'picnicTable' is registered with more than one LODGroup ('Display 3(Clone)AnimatorPreview' and 'Picnic Table').
UnityEngine.StackTraceUtility:ExtractStackTrace ()
UnityEditor.EditorUtility:InitInstantiatedPreviewRecursive (UnityEngine.GameObject)
UnityEditor.EditorUtility:InstantiateForAnimatorPreview (UnityEngine.Object)
UnityEditor.GameObjectInspector/PreviewData:UpdateGameObject (UnityEngine.Object)
UnityEditor.GameObjectInspector/PreviewData:.ctor (UnityEngine.Object)
UnityEditor.GameObjectInspector:GetPreviewData ()
UnityEditor.GameObjectInspector:RenderStaticPreview (string,UnityEngine.Object[],int,int)
UnityEditor.AssetPreviewUpdater:CreatePreview (UnityEngine.Object,UnityEngine.Object[],string,int,int)
UnityEditor.AssetPreviewUpdater:CreatePreviewForAsset (UnityEngine.Object,UnityEngine.Object[],string)

[C:\buildslave\unity\build\Runtime\Graphics\LOD\LODGroup.cpp line 189]

 -> (artifact id: 'bcbe6475a650a77315701a75d61901eb') in 0.023990 seconds 
========================================================================
Received Import Request.
  Time since last request: 3.855104 seconds.
  path: Assets/Prefabs/Displays/Display 3.prefab
  artifactKey: Guid(9ffa8cc753e115f46937c279f506ecec) Importer(815301076,1909f56bfc062723c751e8b465ee728b)
Start importing Assets/Prefabs/Displays/Display 3.prefab using Guid(9ffa8cc753e115f46937c279f506ecec) Importer(815301076,1909f56bfc062723c751e8b465ee728b) Renderer 'picnicTable' is registered with more than one LODGroup ('Display 3(Clone)' and 'Picnic Table').
UnityEngine.StackTraceUtility:ExtractStackTrace ()
UnityEditor.EditorUtility:Internal_InstantiateRemoveAllNonAnimationComponentsSingle (UnityEngine.Object,UnityEngine.Vector3,UnityEngine.Quaternion)
UnityEditor.EditorUtility:InstantiateRemoveAllNonAnimationComponents (UnityEngine.Object,UnityEngine.Vector3,UnityEngine.Quaternion)
UnityEditor.EditorUtility:InstantiateForAnimatorPreview (UnityEngine.Object)
UnityEditor.GameObjectInspector/PreviewData:UpdateGameObject (UnityEngine.Object)
UnityEditor.GameObjectInspector/PreviewData:.ctor (UnityEngine.Object)
UnityEditor.GameObjectInspector:GetPreviewData ()
UnityEditor.GameObjectInspector:RenderStaticPreview (string,UnityEngine.Object[],int,int)
UnityEditor.AssetPreviewUpdater:CreatePreview (UnityEngine.Object,UnityEngine.Object[],string,int,int)
UnityEditor.AssetPreviewUpdater:CreatePreviewForAsset (UnityEngine.Object,UnityEngine.Object[],string)

[C:\buildslave\unity\build\Runtime\Graphics\LOD\LODGroup.cpp line 189]

Renderer 'picnicTable' is registered with more than one LODGroup ('Display 3(Clone)' and 'Picnic Table').
UnityEngine.StackTraceUtility:ExtractStackTrace ()
UnityEditor.EditorUtility:Internal_InstantiateRemoveAllNonAnimationComponentsSingle (UnityEngine.Object,UnityEngine.Vector3,UnityEngine.Quaternion)
UnityEditor.EditorUtility:InstantiateRemoveAllNonAnimationComponents (UnityEngine.Object,UnityEngine.Vector3,UnityEngine.Quaternion)
UnityEditor.EditorUtility:InstantiateForAnimatorPreview (UnityEngine.Object)
UnityEditor.GameObjectInspector/PreviewData:UpdateGameObject (UnityEngine.Object)
UnityEditor.GameObjectInspector/PreviewData:.ctor (UnityEngine.Object)
UnityEditor.GameObjectInspector:GetPreviewData ()
UnityEditor.GameObjectInspector:RenderStaticPreview (string,UnityEngine.Object[],int,int)
UnityEditor.AssetPreviewUpdater:CreatePreview (UnityEngine.Object,UnityEngine.Object[],string,int,int)
UnityEditor.AssetPreviewUpdater:CreatePreviewForAsset (UnityEngine.Object,UnityEngine.Object[],string)

[C:\buildslave\unity\build\Runtime\Graphics\LOD\LODGroup.cpp line 189]

Renderer 'picnicTable' is registered with more than one LODGroup ('Display 3(Clone)AnimatorPreview' and 'Picnic Table').
UnityEngine.StackTraceUtility:ExtractStackTrace ()
UnityEditor.EditorUtility:InitInstantiatedPreviewRecursive (UnityEngine.GameObject)
UnityEditor.EditorUtility:InstantiateForAnimatorPreview (UnityEngine.Object)
UnityEditor.GameObjectInspector/PreviewData:UpdateGameObject (UnityEngine.Object)
UnityEditor.GameObjectInspector/PreviewData:.ctor (UnityEngine.Object)
UnityEditor.GameObjectInspector:GetPreviewData ()
UnityEditor.GameObjectInspector:RenderStaticPreview (string,UnityEngine.Object[],int,int)
UnityEditor.AssetPreviewUpdater:CreatePreview (UnityEngine.Object,UnityEngine.Object[],string,int,int)
UnityEditor.AssetPreviewUpdater:CreatePreviewForAsset (UnityEngine.Object,UnityEngine.Object[],string)

[C:\buildslave\unity\build\Runtime\Graphics\LOD\LODGroup.cpp line 189]

Renderer 'picnicTable' is registered with more than one LODGroup ('Display 3(Clone)AnimatorPreview' and 'Picnic Table').
UnityEngine.StackTraceUtility:ExtractStackTrace ()
UnityEditor.EditorUtility:InitInstantiatedPreviewRecursive (UnityEngine.GameObject)
UnityEditor.EditorUtility:InstantiateForAnimatorPreview (UnityEngine.Object)
UnityEditor.GameObjectInspector/PreviewData:UpdateGameObject (UnityEngine.Object)
UnityEditor.GameObjectInspector/PreviewData:.ctor (UnityEngine.Object)
UnityEditor.GameObjectInspector:GetPreviewData ()
UnityEditor.GameObjectInspector:RenderStaticPreview (string,UnityEngine.Object[],int,int)
UnityEditor.AssetPreviewUpdater:CreatePreview (UnityEngine.Object,UnityEngine.Object[],string,int,int)
UnityEditor.AssetPreviewUpdater:CreatePreviewForAsset (UnityEngine.Object,UnityEngine.Object[],string)

[C:\buildslave\unity\build\Runtime\Graphics\LOD\LODGroup.cpp line 189]

 -> (artifact id: 'a8faac1751aaa8b8559b593c5260cb60') in 0.022596 seconds 
========================================================================
Received Import Request.
  Time since last request: 3.759620 seconds.
  path: Assets/Prefabs/OutdoorBench.prefab
  artifactKey: Guid(3af111da4f4317846ac40ee86a2e3c85) Importer(815301076,1909f56bfc062723c751e8b465ee728b)
Start importing Assets/Prefabs/OutdoorBench.prefab using Guid(3af111da4f4317846ac40ee86a2e3c85) Importer(815301076,1909f56bfc062723c751e8b465ee728b)  -> (artifact id: 'f5c0e6d99cefa63f1c880f2eda2a3cff') in 0.035852 seconds 
========================================================================
Received Import Request.
  Time since last request: 8.846771 seconds.
  path: Assets/Prefabs/Table/Tiny Side Table.prefab
  artifactKey: Guid(e534252d0bf30d04289458f679b47e3c) Importer(815301076,1909f56bfc062723c751e8b465ee728b)
Start importing Assets/Prefabs/Table/Tiny Side Table.prefab using Guid(e534252d0bf30d04289458f679b47e3c) Importer(815301076,1909f56bfc062723c751e8b465ee728b)  -> (artifact id: '07c6a44f2ceebbb1105ddc0f31a1e39a') in 0.017558 seconds 
========================================================================
Received Prepare
Registering precompiled user dll's ...
Registered in 0.005963 seconds.
Begin MonoManager ReloadAssembly
Symbol file LoadedFromMemory doesn't match image C:\Users\aaron\Documents\GitHub\SCP-3008\SCP-3008\Library\PackageCache\com.unity.visualscripting@1.7.8\Editor\VisualScripting.Core\Dependencies\YamlDotNet\Unity.VisualScripting.YamlDotNet.dll
Symbol file LoadedFromMemory doesn't match image C:\Users\aaron\Documents\GitHub\SCP-3008\SCP-3008\Library\PackageCache\com.unity.visualscripting@1.7.8\Editor\VisualScripting.Core\Dependencies\DotNetZip\Unity.VisualScripting.IonicZip.dll
Native extension for WindowsStandalone target not found
Refreshing native plugins compatible for Editor in 1.45 ms, found 3 plugins.
Preloading 0 native plugins for Editor in 0.00 ms.
Mono: successfully reloaded assembly
- Completed reload, in  1.243 seconds
Domain Reload Profiling:
	ReloadAssembly (1244ms)
		BeginReloadAssembly (174ms)
			ExecutionOrderSort (0ms)
			DisableScriptedObjects (25ms)
			BackupInstance (0ms)
			ReleaseScriptingObjects (0ms)
			CreateAndSetChildDomain (54ms)
		EndReloadAssembly (995ms)
			LoadAssemblies (79ms)
			RebuildTransferFunctionScriptingTraits (0ms)
			SetupTypeCache (257ms)
			ReleaseScriptCaches (3ms)
			RebuildScriptCaches (55ms)
			SetupLoadedEditorAssemblies (484ms)
				LogAssemblyErrors (0ms)
				InitializePlatformSupportModulesInManaged (12ms)
				SetLoadedEditorAssemblies (0ms)
				RefreshPlugins (2ms)
				BeforeProcessingInitializeOnLoad (105ms)
				ProcessInitializeOnLoadAttributes (329ms)
				ProcessInitializeOnLoadMethodAttributes (31ms)
				AfterProcessingInitializeOnLoad (5ms)
				EditorAssembliesLoaded (0ms)
			ExecutionOrderSort2 (0ms)
			AwakeInstancesAfterBackupRestoration (16ms)
Platform modules already initialized, skipping
Refreshing native plugins compatible for Editor in 2.93 ms, found 3 plugins.
Preloading 0 native plugins for Editor in 0.00 ms.
Unloading 6602 Unused Serialized files (Serialized files now loaded: 0)
Unloading 50 unused Assets / (3.8 MB). Loaded Objects now: 7888.
Memory consumption went from 296.1 MB to 292.3 MB.
Total: 5.833900 ms (FindLiveObjects: 0.547400 ms CreateObjectMapping: 0.442000 ms MarkObjects: 3.512100 ms  DeleteObjects: 1.331400 ms)

AssetImportParameters requested are different than current active one (requested -> active):
  custom:video-decoder-ogg-theora: a1e56fd34408186e4bbccfd4996cb3dc -> 
  custom:container-muxer-webm: aa71ff27fc2769a1b78a27578f13a17b -> 
  custom:container-demuxer-webm: 4f35f7cbe854078d1ac9338744f61a02 -> 
  custom:video-encoder-webm-vp8: eb34c28f22e8b96e1ab97ce403110664 -> 
  custom:video-codec-MediaFoundation-h265: 746d11721c4dcdbdad8f713fa42b33f4 -> 
  custom:audio-encoder-webm-vorbis: bf7c407c2cedff20999df2af8eb42d56 -> 
  custom:framework-win-MediaFoundation: 216162199b28c13a410421893ffa2e32 -> 
  custom:container-demuxer-ogg: 62fdf1f143b41e24485cea50d1cbac27 -> 
  custom:video-decoder-webm-vp8: 9c59270c3fd7afecdb556c50c9e8de78 -> 
  custom:audio-decoder-ogg-vorbis: bf7c407c2cedff20999df2af8eb42d56 -> 
========================================================================
Received Import Request.
  Time since last request: 324.057344 seconds.
  path: Assets/Moddels/Nail.fbx
  artifactKey: Guid(69a7bc38aca174843bc73e0aabbeffe2) Importer(815301076,1909f56bfc062723c751e8b465ee728b)
Start importing Assets/Moddels/Nail.fbx using Guid(69a7bc38aca174843bc73e0aabbeffe2) Importer(815301076,1909f56bfc062723c751e8b465ee728b)  -> (artifact id: '550d08e9b06f0e8b5d8d5906397a4af0') in 0.650997 seconds 
========================================================================
Received Import Request.
  Time since last request: 69.340858 seconds.
  path: Assets/Moddels/Sledgehammer.obj
  artifactKey: Guid(94969e9d63693f149bce63a91748b33f) Importer(815301076,1909f56bfc062723c751e8b465ee728b)
Start importing Assets/Moddels/Sledgehammer.obj using Guid(94969e9d63693f149bce63a91748b33f) Importer(815301076,1909f56bfc062723c751e8b465ee728b)  -> (artifact id: '5f441d3733c9b24b50e3aede18bbb1db') in 0.053650 seconds 
========================================================================
Received Import Request.
  Time since last request: 36.022823 seconds.
  path: Assets/Art/Plot/New Material 3.mat
  artifactKey: Guid(9583c533d8b73914c99842cbd93b6ec6) Importer(815301076,1909f56bfc062723c751e8b465ee728b)
Start importing Assets/Art/Plot/New Material 3.mat using Guid(9583c533d8b73914c99842cbd93b6ec6) Importer(815301076,1909f56bfc062723c751e8b465ee728b)  -> (artifact id: 'b0ee3bfa3ffb411d6b122e33d58f4dc0') in 0.020892 seconds 
========================================================================
Received Import Request.
  Time since last request: 2.701146 seconds.
  path: Assets/Prefabs/Plots/Room.prefab
  artifactKey: Guid(2724286bac2d3ea4f963c9a5e54e4e5d) Importer(815301076,1909f56bfc062723c751e8b465ee728b)
Start importing Assets/Prefabs/Plots/Room.prefab using Guid(2724286bac2d3ea4f963c9a5e54e4e5d) Importer(815301076,1909f56bfc062723c751e8b465ee728b)  -> (artifact id: 'd33c9de8ba2b2438e277f31934755d7e') in 0.155747 seconds 
========================================================================
Received Import Request.
  Time since last request: 14.235306 seconds.
  path: Assets/Art/Chair/New Material 3.mat
  artifactKey: Guid(53689658c2ea3424d8b3d4a5cc21c104) Importer(815301076,1909f56bfc062723c751e8b465ee728b)
Start importing Assets/Art/Chair/New Material 3.mat using Guid(53689658c2ea3424d8b3d4a5cc21c104) Importer(815301076,1909f56bfc062723c751e8b465ee728b)  -> (artifact id: 'dd7e6bdcd166935006101e53c89fd383') in 0.021511 seconds 
========================================================================
Received Prepare
Refreshing native plugins compatible for Editor in 5.81 ms, found 3 plugins.
Preloading 0 native plugins for Editor in 0.00 ms.
Unloading 49 Unused Serialized files (Serialized files now loaded: 0)
Unloading 50 unused Assets / (3.8 MB). Loaded Objects now: 8735.
Memory consumption went from 183.8 MB to 180.0 MB.
Total: 8.606500 ms (FindLiveObjects: 1.063300 ms CreateObjectMapping: 0.554800 ms MarkObjects: 6.139000 ms  DeleteObjects: 0.848700 ms)

AssetImportParameters requested are different than current active one (requested -> active):
  custom:video-decoder-ogg-theora: a1e56fd34408186e4bbccfd4996cb3dc -> 
  custom:container-muxer-webm: aa71ff27fc2769a1b78a27578f13a17b -> 
  custom:container-demuxer-webm: 4f35f7cbe854078d1ac9338744f61a02 -> 
  custom:video-encoder-webm-vp8: eb34c28f22e8b96e1ab97ce403110664 -> 
  custom:video-codec-MediaFoundation-h265: 746d11721c4dcdbdad8f713fa42b33f4 -> 
  custom:audio-encoder-webm-vorbis: bf7c407c2cedff20999df2af8eb42d56 -> 
  custom:framework-win-MediaFoundation: 216162199b28c13a410421893ffa2e32 -> 
  custom:container-demuxer-ogg: 62fdf1f143b41e24485cea50d1cbac27 -> 
  custom:video-decoder-webm-vp8: 9c59270c3fd7afecdb556c50c9e8de78 -> 
  custom:audio-decoder-ogg-vorbis: bf7c407c2cedff20999df2af8eb42d56 -> 
